#
# There is insufficient memory for the Java Runtime Environment to continue.
# Native memory allocation (malloc) failed to allocate 2045616 bytes for Chunk::new
# Possible reasons:
#   The system is out of physical RAM or swap space
#   The process is running with CompressedOops enabled, and the Java Heap may be blocking the growth of the native heap
# Possible solutions:
#   Reduce memory load on the system
#   Increase physical memory or swap space
#   Check if swap backing store is full
#   Decrease Java heap size (-Xmx/-Xms)
#   Decrease number of Java threads
#   Decrease Java thread stack sizes (-Xss)
#   Set larger code cache with -XX:ReservedCodeCacheSize=
#   JVM is running with Unscaled Compressed Oops mode in which the Java heap is
#     placed in the first 4GB address space. The Java Heap base address is the
#     maximum limit for the native heap growth. Please use -XX:HeapBaseMinAddress
#     to set the Java Heap base and to place the Java Heap above 4GB virtual address.
# This output file may be truncated or incomplete.
#
#  Out of Memory Error (./src/hotspot/share/memory/arena.cpp:197), pid=1596, tid=16708
#
# JRE version: OpenJDK Runtime Environment (11.0.10) (build 11.0.10+0-b96-7249189)
# Java VM: OpenJDK 64-Bit Server VM (11.0.10+0-b96-7249189, mixed mode, tiered, compressed oops, g1 gc, windows-amd64)
# No core dump will be written. Minidumps are not enabled by default on client versions of Windows
#

---------------  S U M M A R Y ------------

Command Line: org.jetbrains.kotlin.cli.jvm.K2JVMCompiler @C:\Users\parde\AndroidStudioProjects\Basis_Assignment\app\build\20220120_12057345040600293176.compiler.options

Host: Intel(R) Core(TM) i5-8300H CPU @ 2.30GHz, 8 cores, 7G,  Windows 10 , 64 bit Build 22000 (10.0.22000.434)
Time: Thu Jan 20 07:31:18 2022 India Standard Time elapsed time: 13.817846 seconds (0d 0h 0m 13s)

---------------  T H R E A D  ---------------

Current thread (0x00000281a8980000):  JavaThread "C2 CompilerThread0" daemon [_thread_in_native, id=16708, stack(0x000000ddf0300000,0x000000ddf0400000)]


Current CompileTask:
C2:  13817 4113   !   4       org.jetbrains.kotlin.metadata.ProtoBuf$Function::<init> (1112 bytes)

Stack: [0x000000ddf0300000,0x000000ddf0400000]
Native frames: (J=compiled Java code, j=interpreted, Vv=VM code, C=native code)
V  [jvm.dll+0x5ecfaa]
V  [jvm.dll+0x722bd5]
V  [jvm.dll+0x72412d]
V  [jvm.dll+0x7247e3]
V  [jvm.dll+0x242928]
V  [jvm.dll+0xbc4fc]
V  [jvm.dll+0xbca0c]
V  [jvm.dll+0x352d7d]
V  [jvm.dll+0x320ad3]
V  [jvm.dll+0x31ffca]
V  [jvm.dll+0x1fb602]
V  [jvm.dll+0x1fa7f4]
V  [jvm.dll+0x18354c]
V  [jvm.dll+0x208ee7]
V  [jvm.dll+0x207731]
V  [jvm.dll+0x6eb1cf]
V  [jvm.dll+0x6e3d45]
V  [jvm.dll+0x5ebe96]
C  [ucrtbase.dll+0x26c0c]
C  [KERNEL32.DLL+0x154e0]
C  [ntdll.dll+0x485b]


---------------  P R O C E S S  ---------------

Threads class SMR info:
_java_thread_list=0x00000281aa9fdda0, length=11, elements={
0x000002818dcde000, 0x00000281a7ffc000, 0x00000281a7ffd800, 0x00000281a8977800,
0x00000281a897a000, 0x00000281a897d000, 0x00000281a8980000, 0x00000281a8981800,
0x00000281a8982800, 0x00000281a8ae7000, 0x00000281a8db3000
}

Java Threads: ( => current thread )
  0x000002818dcde000 JavaThread "main" [_thread_in_native, id=16532, stack(0x000000ddef700000,0x000000ddef800000)]
  0x00000281a7ffc000 JavaThread "Reference Handler" daemon [_thread_blocked, id=17328, stack(0x000000ddefe00000,0x000000ddeff00000)]
  0x00000281a7ffd800 JavaThread "Finalizer" daemon [_thread_blocked, id=6576, stack(0x000000ddeff00000,0x000000ddf0000000)]
  0x00000281a8977800 JavaThread "Signal Dispatcher" daemon [_thread_blocked, id=7020, stack(0x000000ddf0000000,0x000000ddf0100000)]
  0x00000281a897a000 JavaThread "Attach Listener" daemon [_thread_blocked, id=7872, stack(0x000000ddf0100000,0x000000ddf0200000)]
  0x00000281a897d000 JavaThread "Service Thread" daemon [_thread_blocked, id=180, stack(0x000000ddf0200000,0x000000ddf0300000)]
=>0x00000281a8980000 JavaThread "C2 CompilerThread0" daemon [_thread_in_native, id=16708, stack(0x000000ddf0300000,0x000000ddf0400000)]
  0x00000281a8981800 JavaThread "C1 CompilerThread0" daemon [_thread_blocked, id=12388, stack(0x000000ddf0400000,0x000000ddf0500000)]
  0x00000281a8982800 JavaThread "Sweeper thread" daemon [_thread_blocked, id=1468, stack(0x000000ddf0500000,0x000000ddf0600000)]
  0x00000281a8ae7000 JavaThread "Common-Cleaner" daemon [_thread_blocked, id=14760, stack(0x000000ddf0700000,0x000000ddf0800000)]
  0x00000281a8db3000 JavaThread "C2 CompilerThread1" daemon [_thread_in_native, id=2808, stack(0x000000ddf0a00000,0x000000ddf0b00000)]

Other Threads:
  0x00000281a7ff8000 VMThread "VM Thread" [stack: 0x000000ddefd00000,0x000000ddefe00000] [id=13016]
  0x00000281a8ada800 WatcherThread [stack: 0x000000ddf0600000,0x000000ddf0700000] [id=10908]
  0x000002818dcf5800 GCTaskThread "GC Thread#0" [stack: 0x000000ddef800000,0x000000ddef900000] [id=5212]
  0x00000281a90ba000 GCTaskThread "GC Thread#1" [stack: 0x000000ddf0800000,0x000000ddf0900000] [id=15060]
  0x00000281a916e800 GCTaskThread "GC Thread#2" [stack: 0x000000ddf0900000,0x000000ddf0a00000] [id=10904]
  0x00000281ac86a000 GCTaskThread "GC Thread#3" [stack: 0x000000ddf0c00000,0x000000ddf0d00000] [id=5548]
  0x000002818dd25000 ConcurrentGCThread "G1 Main Marker" [stack: 0x000000ddef900000,0x000000ddefa00000] [id=16816]
  0x000002818dd26800 ConcurrentGCThread "G1 Conc#0" [stack: 0x000000ddefa00000,0x000000ddefb00000] [id=13496]
  0x00000281a9e6c800 ConcurrentGCThread "G1 Conc#1" [stack: 0x000000ddf0b00000,0x000000ddf0c00000] [id=5316]
  0x00000281a7e40800 ConcurrentGCThread "G1 Refine#0" [stack: 0x000000ddefb00000,0x000000ddefc00000] [id=17260]
  0x00000281a7e41800 ConcurrentGCThread "G1 Young RemSet Sampling" [stack: 0x000000ddefc00000,0x000000ddefd00000] [id=3748]

Threads with active compile tasks:
C2 CompilerThread0  13833 4113   !   4       org.jetbrains.kotlin.metadata.ProtoBuf$Function::<init> (1112 bytes)
C2 CompilerThread1  13833 4037       4       org.jetbrains.kotlin.load.java.structure.impl.classFiles.BinaryClassSignatureParser::parseParameterizedClassRefSignature (278 bytes)

VM state:not at safepoint (normal execution)

VM Mutex/Monitor currently owned by a thread: None

Heap address: 0x0000000082600000, size: 2010 MB, Compressed Oops mode: 32-bit
Narrow klass base: 0x0000000000000000, Narrow klass shift: 3
Compressed class space size: 1073741824 Address: 0x0000000100000000

Heap:
 garbage-first heap   total 179200K, used 41967K [0x0000000082600000, 0x0000000100000000)
  region size 1024K, 6 young (6144K), 1 survivors (1024K)
 Metaspace       used 52556K, capacity 53148K, committed 53276K, reserved 1095680K
  class space    used 6111K, capacity 6358K, committed 6476K, reserved 1048576K
Heap Regions: E=young(eden), S=young(survivor), O=old, HS=humongous(starts), HC=humongous(continues), CS=collection set, F=free, A=archive, TAMS=top-at-mark-start (previous, next)
|   0|0x0000000082600000, 0x0000000082700000, 0x0000000082700000|100%|HS|  |TAMS 0x0000000082700000, 0x0000000082600000| Complete 
|   1|0x0000000082700000, 0x0000000082800000, 0x0000000082800000|100%|HC|  |TAMS 0x0000000082800000, 0x0000000082700000| Complete 
|   2|0x0000000082800000, 0x0000000082900000, 0x0000000082900000|100%|HC|  |TAMS 0x0000000082900000, 0x0000000082800000| Complete 
|   3|0x0000000082900000, 0x0000000082a00000, 0x0000000082a00000|100%|HS|  |TAMS 0x0000000082a00000, 0x0000000082900000| Complete 
|   4|0x0000000082a00000, 0x0000000082b00000, 0x0000000082b00000|100%|HC|  |TAMS 0x0000000082b00000, 0x0000000082a00000| Complete 
|   5|0x0000000082b00000, 0x0000000082c00000, 0x0000000082c00000|100%|HC|  |TAMS 0x0000000082c00000, 0x0000000082b00000| Complete 
|   6|0x0000000082c00000, 0x0000000082d00000, 0x0000000082d00000|100%|HS|  |TAMS 0x0000000082d00000, 0x0000000082c00000| Complete 
|   7|0x0000000082d00000, 0x0000000082e00000, 0x0000000082e00000|100%|HC|  |TAMS 0x0000000082e00000, 0x0000000082d00000| Complete 
|   8|0x0000000082e00000, 0x0000000082f00000, 0x0000000082f00000|100%|HC|  |TAMS 0x0000000082f00000, 0x0000000082e00000| Complete 
|   9|0x0000000082f00000, 0x0000000083000000, 0x0000000083000000|100%|HS|  |TAMS 0x0000000082f00000, 0x0000000082f00000| Complete 
|  10|0x0000000083000000, 0x0000000083100000, 0x0000000083100000|100%|HC|  |TAMS 0x0000000083000000, 0x0000000083000000| Complete 
|  11|0x0000000083100000, 0x0000000083200000, 0x0000000083200000|100%| O|  |TAMS 0x0000000083200000, 0x0000000083100000| Untracked 
|  12|0x0000000083200000, 0x0000000083300000, 0x0000000083300000|100%| O|  |TAMS 0x0000000083300000, 0x0000000083200000| Untracked 
|  13|0x0000000083300000, 0x0000000083400000, 0x0000000083400000|100%| O|  |TAMS 0x0000000083400000, 0x0000000083300000| Untracked 
|  14|0x0000000083400000, 0x0000000083500000, 0x0000000083500000|100%| O|  |TAMS 0x0000000083500000, 0x0000000083400000| Untracked 
|  15|0x0000000083500000, 0x0000000083600000, 0x0000000083600000|100%| O|  |TAMS 0x0000000083600000, 0x0000000083500000| Untracked 
|  16|0x0000000083600000, 0x0000000083700000, 0x0000000083700000|100%| O|  |TAMS 0x0000000083700000, 0x0000000083600000| Untracked 
|  17|0x0000000083700000, 0x0000000083800000, 0x0000000083800000|100%| O|  |TAMS 0x0000000083800000, 0x0000000083700000| Untracked 
|  18|0x0000000083800000, 0x0000000083900000, 0x0000000083900000|100%| O|  |TAMS 0x0000000083800000, 0x0000000083800000| Untracked 
|  19|0x0000000083900000, 0x0000000083a00000, 0x0000000083a00000|100%| O|  |TAMS 0x0000000083900000, 0x0000000083900000| Untracked 
|  20|0x0000000083a00000, 0x0000000083b00000, 0x0000000083b00000|100%| O|  |TAMS 0x0000000083a00000, 0x0000000083a00000| Untracked 
|  21|0x0000000083b00000, 0x0000000083c00000, 0x0000000083c00000|100%| O|  |TAMS 0x0000000083b00000, 0x0000000083b00000| Untracked 
|  22|0x0000000083c00000, 0x0000000083d00000, 0x0000000083d00000|100%| O|  |TAMS 0x0000000083d00000, 0x0000000083c00000| Untracked 
|  23|0x0000000083d00000, 0x0000000083e00000, 0x0000000083e00000|100%| O|  |TAMS 0x0000000083e00000, 0x0000000083d00000| Untracked 
|  24|0x0000000083e00000, 0x0000000083f00000, 0x0000000083f00000|100%| O|  |TAMS 0x0000000083f00000, 0x0000000083e00000| Untracked 
|  25|0x0000000083f00000, 0x0000000084000000, 0x0000000084000000|100%| O|  |TAMS 0x0000000084000000, 0x0000000083f00000| Untracked 
|  26|0x0000000084000000, 0x0000000084100000, 0x0000000084100000|100%| O|  |TAMS 0x0000000084100000, 0x0000000084000000| Untracked 
|  27|0x0000000084100000, 0x0000000084200000, 0x0000000084200000|100%| O|  |TAMS 0x0000000084200000, 0x0000000084100000| Untracked 
|  28|0x0000000084200000, 0x0000000084300000, 0x0000000084300000|100%| O|  |TAMS 0x0000000084242800, 0x0000000084200000| Untracked 
|  29|0x0000000084300000, 0x0000000084400000, 0x0000000084400000|100%| O|  |TAMS 0x0000000084300000, 0x0000000084300000| Untracked 
|  30|0x0000000084400000, 0x0000000084500000, 0x0000000084500000|100%| O|  |TAMS 0x0000000084400000, 0x0000000084400000| Untracked 
|  31|0x0000000084500000, 0x0000000084600000, 0x0000000084600000|100%| O|  |TAMS 0x0000000084500000, 0x0000000084500000| Untracked 
|  32|0x0000000084600000, 0x0000000084700000, 0x0000000084700000|100%| O|  |TAMS 0x0000000084600000, 0x0000000084600000| Untracked 
|  33|0x0000000084700000, 0x0000000084800000, 0x0000000084800000|100%| O|  |TAMS 0x0000000084700000, 0x0000000084700000| Untracked 
|  34|0x0000000084800000, 0x0000000084900000, 0x0000000084900000|100%| O|  |TAMS 0x0000000084800000, 0x0000000084800000| Untracked 
|  35|0x0000000084900000, 0x00000000849fbe00, 0x0000000084a00000| 98%| O|  |TAMS 0x0000000084900000, 0x0000000084900000| Untracked 
|  36|0x0000000084a00000, 0x0000000084a00000, 0x0000000084b00000|  0%| F|  |TAMS 0x0000000084a00000, 0x0000000084a00000| Untracked 
|  37|0x0000000084b00000, 0x0000000084b00000, 0x0000000084c00000|  0%| F|  |TAMS 0x0000000084b00000, 0x0000000084b00000| Untracked 
|  38|0x0000000084c00000, 0x0000000084c00000, 0x0000000084d00000|  0%| F|  |TAMS 0x0000000084c00000, 0x0000000084c00000| Untracked 
|  39|0x0000000084d00000, 0x0000000084d00000, 0x0000000084e00000|  0%| F|  |TAMS 0x0000000084d00000, 0x0000000084d00000| Untracked 
|  40|0x0000000084e00000, 0x0000000084e00000, 0x0000000084f00000|  0%| F|  |TAMS 0x0000000084e00000, 0x0000000084e00000| Untracked 
|  41|0x0000000084f00000, 0x0000000084f00000, 0x0000000085000000|  0%| F|  |TAMS 0x0000000084f00000, 0x0000000084f00000| Untracked 
|  42|0x0000000085000000, 0x0000000085000000, 0x0000000085100000|  0%| F|  |TAMS 0x0000000085000000, 0x0000000085000000| Untracked 
|  43|0x0000000085100000, 0x0000000085100000, 0x0000000085200000|  0%| F|  |TAMS 0x0000000085100000, 0x0000000085100000| Untracked 
|  44|0x0000000085200000, 0x0000000085200000, 0x0000000085300000|  0%| F|  |TAMS 0x0000000085200000, 0x0000000085200000| Untracked 
|  45|0x0000000085300000, 0x0000000085300000, 0x0000000085400000|  0%| F|  |TAMS 0x0000000085300000, 0x0000000085300000| Untracked 
|  46|0x0000000085400000, 0x0000000085400000, 0x0000000085500000|  0%| F|  |TAMS 0x0000000085400000, 0x0000000085400000| Untracked 
|  47|0x0000000085500000, 0x0000000085500000, 0x0000000085600000|  0%| F|  |TAMS 0x0000000085500000, 0x0000000085500000| Untracked 
|  48|0x0000000085600000, 0x0000000085600000, 0x0000000085700000|  0%| F|  |TAMS 0x0000000085600000, 0x0000000085600000| Untracked 
|  49|0x0000000085700000, 0x0000000085700000, 0x0000000085800000|  0%| F|  |TAMS 0x0000000085700000, 0x0000000085700000| Untracked 
|  50|0x0000000085800000, 0x0000000085800000, 0x0000000085900000|  0%| F|  |TAMS 0x0000000085800000, 0x0000000085800000| Untracked 
|  51|0x0000000085900000, 0x0000000085900000, 0x0000000085a00000|  0%| F|  |TAMS 0x0000000085900000, 0x0000000085900000| Untracked 
|  52|0x0000000085a00000, 0x0000000085a00000, 0x0000000085b00000|  0%| F|  |TAMS 0x0000000085a00000, 0x0000000085a00000| Untracked 
|  53|0x0000000085b00000, 0x0000000085b00000, 0x0000000085c00000|  0%| F|  |TAMS 0x0000000085b00000, 0x0000000085b00000| Untracked 
|  54|0x0000000085c00000, 0x0000000085c00000, 0x0000000085d00000|  0%| F|  |TAMS 0x0000000085c00000, 0x0000000085c00000| Untracked 
|  55|0x0000000085d00000, 0x0000000085d00000, 0x0000000085e00000|  0%| F|  |TAMS 0x0000000085d00000, 0x0000000085d00000| Untracked 
|  56|0x0000000085e00000, 0x0000000085e00000, 0x0000000085f00000|  0%| F|  |TAMS 0x0000000085e00000, 0x0000000085e00000| Untracked 
|  57|0x0000000085f00000, 0x0000000085f00000, 0x0000000086000000|  0%| F|  |TAMS 0x0000000085f00000, 0x0000000085f00000| Untracked 
|  58|0x0000000086000000, 0x0000000086000000, 0x0000000086100000|  0%| F|  |TAMS 0x0000000086000000, 0x0000000086000000| Untracked 
|  59|0x0000000086100000, 0x0000000086100000, 0x0000000086200000|  0%| F|  |TAMS 0x0000000086100000, 0x0000000086100000| Untracked 
|  60|0x0000000086200000, 0x0000000086200000, 0x0000000086300000|  0%| F|  |TAMS 0x0000000086200000, 0x0000000086200000| Untracked 
|  61|0x0000000086300000, 0x0000000086300000, 0x0000000086400000|  0%| F|  |TAMS 0x0000000086300000, 0x0000000086300000| Untracked 
|  62|0x0000000086400000, 0x0000000086400000, 0x0000000086500000|  0%| F|  |TAMS 0x0000000086400000, 0x0000000086400000| Untracked 
|  63|0x0000000086500000, 0x0000000086500000, 0x0000000086600000|  0%| F|  |TAMS 0x0000000086500000, 0x0000000086500000| Untracked 
|  64|0x0000000086600000, 0x0000000086600000, 0x0000000086700000|  0%| F|  |TAMS 0x0000000086600000, 0x0000000086600000| Untracked 
|  65|0x0000000086700000, 0x0000000086700000, 0x0000000086800000|  0%| F|  |TAMS 0x0000000086700000, 0x0000000086700000| Untracked 
|  66|0x0000000086800000, 0x0000000086800000, 0x0000000086900000|  0%| F|  |TAMS 0x0000000086800000, 0x0000000086800000| Untracked 
|  67|0x0000000086900000, 0x0000000086900000, 0x0000000086a00000|  0%| F|  |TAMS 0x0000000086900000, 0x0000000086900000| Untracked 
|  68|0x0000000086a00000, 0x0000000086a00000, 0x0000000086b00000|  0%| F|  |TAMS 0x0000000086a00000, 0x0000000086a00000| Untracked 
|  69|0x0000000086b00000, 0x0000000086b00000, 0x0000000086c00000|  0%| F|  |TAMS 0x0000000086b00000, 0x0000000086b00000| Untracked 
|  70|0x0000000086c00000, 0x0000000086c00000, 0x0000000086d00000|  0%| F|  |TAMS 0x0000000086c00000, 0x0000000086c00000| Untracked 
|  71|0x0000000086d00000, 0x0000000086d00000, 0x0000000086e00000|  0%| F|  |TAMS 0x0000000086d00000, 0x0000000086d00000| Untracked 
|  72|0x0000000086e00000, 0x0000000086e00000, 0x0000000086f00000|  0%| F|  |TAMS 0x0000000086e00000, 0x0000000086e00000| Untracked 
|  73|0x0000000086f00000, 0x0000000086f00000, 0x0000000087000000|  0%| F|  |TAMS 0x0000000086f00000, 0x0000000086f00000| Untracked 
|  74|0x0000000087000000, 0x0000000087000000, 0x0000000087100000|  0%| F|  |TAMS 0x0000000087000000, 0x0000000087000000| Untracked 
|  75|0x0000000087100000, 0x0000000087100000, 0x0000000087200000|  0%| F|  |TAMS 0x0000000087100000, 0x0000000087100000| Untracked 
|  76|0x0000000087200000, 0x0000000087200000, 0x0000000087300000|  0%| F|  |TAMS 0x0000000087200000, 0x0000000087200000| Untracked 
|  77|0x0000000087300000, 0x0000000087300000, 0x0000000087400000|  0%| F|  |TAMS 0x0000000087300000, 0x0000000087300000| Untracked 
|  78|0x0000000087400000, 0x0000000087400000, 0x0000000087500000|  0%| F|  |TAMS 0x0000000087400000, 0x0000000087400000| Untracked 
|  79|0x0000000087500000, 0x0000000087500000, 0x0000000087600000|  0%| F|  |TAMS 0x0000000087500000, 0x0000000087500000| Untracked 
|  80|0x0000000087600000, 0x0000000087600000, 0x0000000087700000|  0%| F|  |TAMS 0x0000000087600000, 0x0000000087600000| Untracked 
|  81|0x0000000087700000, 0x0000000087700000, 0x0000000087800000|  0%| F|  |TAMS 0x0000000087700000, 0x0000000087700000| Untracked 
|  82|0x0000000087800000, 0x0000000087800000, 0x0000000087900000|  0%| F|  |TAMS 0x0000000087800000, 0x0000000087800000| Untracked 
|  83|0x0000000087900000, 0x0000000087900000, 0x0000000087a00000|  0%| F|  |TAMS 0x0000000087900000, 0x0000000087900000| Untracked 
|  84|0x0000000087a00000, 0x0000000087a00000, 0x0000000087b00000|  0%| F|  |TAMS 0x0000000087a00000, 0x0000000087a00000| Untracked 
|  85|0x0000000087b00000, 0x0000000087b00000, 0x0000000087c00000|  0%| F|  |TAMS 0x0000000087b00000, 0x0000000087b00000| Untracked 
|  86|0x0000000087c00000, 0x0000000087c00000, 0x0000000087d00000|  0%| F|  |TAMS 0x0000000087c00000, 0x0000000087c00000| Untracked 
|  87|0x0000000087d00000, 0x0000000087d00000, 0x0000000087e00000|  0%| F|  |TAMS 0x0000000087d00000, 0x0000000087d00000| Untracked 
|  88|0x0000000087e00000, 0x0000000087e00000, 0x0000000087f00000|  0%| F|  |TAMS 0x0000000087e00000, 0x0000000087e00000| Untracked 
|  89|0x0000000087f00000, 0x0000000087f00000, 0x0000000088000000|  0%| F|  |TAMS 0x0000000087f00000, 0x0000000087f00000| Untracked 
|  90|0x0000000088000000, 0x0000000088000000, 0x0000000088100000|  0%| F|  |TAMS 0x0000000088000000, 0x0000000088000000| Untracked 
|  91|0x0000000088100000, 0x0000000088100000, 0x0000000088200000|  0%| F|  |TAMS 0x0000000088100000, 0x0000000088100000| Untracked 
|  92|0x0000000088200000, 0x0000000088200000, 0x0000000088300000|  0%| F|  |TAMS 0x0000000088200000, 0x0000000088200000| Untracked 
|  93|0x0000000088300000, 0x0000000088300000, 0x0000000088400000|  0%| F|  |TAMS 0x0000000088300000, 0x0000000088300000| Untracked 
|  94|0x0000000088400000, 0x0000000088400000, 0x0000000088500000|  0%| F|  |TAMS 0x0000000088400000, 0x0000000088400000| Untracked 
|  95|0x0000000088500000, 0x0000000088500000, 0x0000000088600000|  0%| F|  |TAMS 0x0000000088500000, 0x0000000088500000| Untracked 
|  96|0x0000000088600000, 0x0000000088600000, 0x0000000088700000|  0%| F|  |TAMS 0x0000000088600000, 0x0000000088600000| Untracked 
|  97|0x0000000088700000, 0x0000000088700000, 0x0000000088800000|  0%| F|  |TAMS 0x0000000088700000, 0x0000000088700000| Untracked 
|  98|0x0000000088800000, 0x0000000088800000, 0x0000000088900000|  0%| F|  |TAMS 0x0000000088800000, 0x0000000088800000| Untracked 
|  99|0x0000000088900000, 0x0000000088900000, 0x0000000088a00000|  0%| F|  |TAMS 0x0000000088900000, 0x0000000088900000| Untracked 
| 100|0x0000000088a00000, 0x0000000088a00000, 0x0000000088b00000|  0%| F|  |TAMS 0x0000000088a00000, 0x0000000088a00000| Untracked 
| 101|0x0000000088b00000, 0x0000000088b00000, 0x0000000088c00000|  0%| F|  |TAMS 0x0000000088b00000, 0x0000000088b00000| Untracked 
| 102|0x0000000088c00000, 0x0000000088c00000, 0x0000000088d00000|  0%| F|  |TAMS 0x0000000088c00000, 0x0000000088c00000| Untracked 
| 103|0x0000000088d00000, 0x0000000088d00000, 0x0000000088e00000|  0%| F|  |TAMS 0x0000000088d00000, 0x0000000088d00000| Untracked 
| 104|0x0000000088e00000, 0x0000000088e00000, 0x0000000088f00000|  0%| F|  |TAMS 0x0000000088e00000, 0x0000000088e00000| Untracked 
| 105|0x0000000088f00000, 0x0000000088f00000, 0x0000000089000000|  0%| F|  |TAMS 0x0000000088f00000, 0x0000000088f00000| Untracked 
| 106|0x0000000089000000, 0x0000000089000000, 0x0000000089100000|  0%| F|  |TAMS 0x0000000089000000, 0x0000000089000000| Untracked 
| 107|0x0000000089100000, 0x0000000089100000, 0x0000000089200000|  0%| F|  |TAMS 0x0000000089100000, 0x0000000089100000| Untracked 
| 108|0x0000000089200000, 0x0000000089200000, 0x0000000089300000|  0%| F|  |TAMS 0x0000000089200000, 0x0000000089200000| Untracked 
| 109|0x0000000089300000, 0x0000000089300000, 0x0000000089400000|  0%| F|  |TAMS 0x0000000089300000, 0x0000000089300000| Untracked 
| 110|0x0000000089400000, 0x0000000089400000, 0x0000000089500000|  0%| F|  |TAMS 0x0000000089400000, 0x0000000089400000| Untracked 
| 111|0x0000000089500000, 0x0000000089500000, 0x0000000089600000|  0%| F|  |TAMS 0x0000000089500000, 0x0000000089500000| Untracked 
| 112|0x0000000089600000, 0x0000000089600000, 0x0000000089700000|  0%| F|  |TAMS 0x0000000089600000, 0x0000000089600000| Untracked 
| 113|0x0000000089700000, 0x0000000089700000, 0x0000000089800000|  0%| F|  |TAMS 0x0000000089700000, 0x0000000089700000| Untracked 
| 114|0x0000000089800000, 0x0000000089800000, 0x0000000089900000|  0%| F|  |TAMS 0x0000000089800000, 0x0000000089800000| Untracked 
| 115|0x0000000089900000, 0x0000000089900000, 0x0000000089a00000|  0%| F|  |TAMS 0x0000000089900000, 0x0000000089900000| Untracked 
| 116|0x0000000089a00000, 0x0000000089a00000, 0x0000000089b00000|  0%| F|  |TAMS 0x0000000089a00000, 0x0000000089a00000| Untracked 
| 117|0x0000000089b00000, 0x0000000089b00000, 0x0000000089c00000|  0%| F|  |TAMS 0x0000000089b00000, 0x0000000089b00000| Untracked 
| 118|0x0000000089c00000, 0x0000000089c00000, 0x0000000089d00000|  0%| F|  |TAMS 0x0000000089c00000, 0x0000000089c00000| Untracked 
| 119|0x0000000089d00000, 0x0000000089d00000, 0x0000000089e00000|  0%| F|  |TAMS 0x0000000089d00000, 0x0000000089d00000| Untracked 
| 120|0x0000000089e00000, 0x0000000089e00000, 0x0000000089f00000|  0%| F|  |TAMS 0x0000000089e00000, 0x0000000089e00000| Untracked 
| 121|0x0000000089f00000, 0x0000000089f00000, 0x000000008a000000|  0%| F|  |TAMS 0x0000000089f00000, 0x0000000089f00000| Untracked 
| 122|0x000000008a000000, 0x000000008a000000, 0x000000008a100000|  0%| F|  |TAMS 0x000000008a000000, 0x000000008a000000| Untracked 
| 123|0x000000008a100000, 0x000000008a100000, 0x000000008a200000|  0%| F|  |TAMS 0x000000008a100000, 0x000000008a100000| Untracked 
| 124|0x000000008a200000, 0x000000008a200000, 0x000000008a300000|  0%| F|  |TAMS 0x000000008a200000, 0x000000008a200000| Untracked 
| 125|0x000000008a300000, 0x000000008a300000, 0x000000008a400000|  0%| F|  |TAMS 0x000000008a300000, 0x000000008a300000| Untracked 
| 126|0x000000008a400000, 0x000000008a400000, 0x000000008a500000|  0%| F|  |TAMS 0x000000008a400000, 0x000000008a400000| Untracked 
| 127|0x000000008a500000, 0x000000008a500000, 0x000000008a600000|  0%| F|  |TAMS 0x000000008a500000, 0x000000008a500000| Untracked 
| 128|0x000000008a600000, 0x000000008a600000, 0x000000008a700000|  0%| F|  |TAMS 0x000000008a600000, 0x000000008a600000| Untracked 
| 129|0x000000008a700000, 0x000000008a700000, 0x000000008a800000|  0%| F|  |TAMS 0x000000008a700000, 0x000000008a700000| Untracked 
| 130|0x000000008a800000, 0x000000008a800000, 0x000000008a900000|  0%| F|  |TAMS 0x000000008a800000, 0x000000008a800000| Untracked 
| 131|0x000000008a900000, 0x000000008a900000, 0x000000008aa00000|  0%| F|  |TAMS 0x000000008a900000, 0x000000008a900000| Untracked 
| 132|0x000000008aa00000, 0x000000008aa00000, 0x000000008ab00000|  0%| F|  |TAMS 0x000000008aa00000, 0x000000008aa00000| Untracked 
| 133|0x000000008ab00000, 0x000000008ab00000, 0x000000008ac00000|  0%| F|  |TAMS 0x000000008ab00000, 0x000000008ab00000| Untracked 
| 134|0x000000008ac00000, 0x000000008ac00000, 0x000000008ad00000|  0%| F|  |TAMS 0x000000008ac00000, 0x000000008ac00000| Untracked 
| 135|0x000000008ad00000, 0x000000008ad00000, 0x000000008ae00000|  0%| F|  |TAMS 0x000000008ad00000, 0x000000008ad00000| Untracked 
| 136|0x000000008ae00000, 0x000000008ae00000, 0x000000008af00000|  0%| F|  |TAMS 0x000000008ae00000, 0x000000008ae00000| Untracked 
| 137|0x000000008af00000, 0x000000008af00000, 0x000000008b000000|  0%| F|  |TAMS 0x000000008af00000, 0x000000008af00000| Untracked 
| 138|0x000000008b000000, 0x000000008b000000, 0x000000008b100000|  0%| F|  |TAMS 0x000000008b000000, 0x000000008b000000| Untracked 
| 139|0x000000008b100000, 0x000000008b100000, 0x000000008b200000|  0%| F|  |TAMS 0x000000008b100000, 0x000000008b100000| Untracked 
| 140|0x000000008b200000, 0x000000008b200000, 0x000000008b300000|  0%| F|  |TAMS 0x000000008b200000, 0x000000008b200000| Untracked 
| 141|0x000000008b300000, 0x000000008b300000, 0x000000008b400000|  0%| F|  |TAMS 0x000000008b300000, 0x000000008b300000| Untracked 
| 142|0x000000008b400000, 0x000000008b400000, 0x000000008b500000|  0%| F|  |TAMS 0x000000008b400000, 0x000000008b400000| Untracked 
| 143|0x000000008b500000, 0x000000008b500000, 0x000000008b600000|  0%| F|  |TAMS 0x000000008b500000, 0x000000008b500000| Untracked 
| 144|0x000000008b600000, 0x000000008b600000, 0x000000008b700000|  0%| F|  |TAMS 0x000000008b600000, 0x000000008b600000| Untracked 
| 145|0x000000008b700000, 0x000000008b700000, 0x000000008b800000|  0%| F|  |TAMS 0x000000008b700000, 0x000000008b700000| Untracked 
| 146|0x000000008b800000, 0x000000008b800000, 0x000000008b900000|  0%| F|  |TAMS 0x000000008b800000, 0x000000008b800000| Untracked 
| 147|0x000000008b900000, 0x000000008b900000, 0x000000008ba00000|  0%| F|  |TAMS 0x000000008b900000, 0x000000008b900000| Untracked 
| 148|0x000000008ba00000, 0x000000008ba00000, 0x000000008bb00000|  0%| F|  |TAMS 0x000000008ba00000, 0x000000008ba00000| Untracked 
| 149|0x000000008bb00000, 0x000000008bb00000, 0x000000008bc00000|  0%| F|  |TAMS 0x000000008bb00000, 0x000000008bb00000| Untracked 
| 150|0x000000008bc00000, 0x000000008bc00000, 0x000000008bd00000|  0%| F|  |TAMS 0x000000008bc00000, 0x000000008bc00000| Untracked 
| 151|0x000000008bd00000, 0x000000008bd00000, 0x000000008be00000|  0%| F|  |TAMS 0x000000008bd00000, 0x000000008bd00000| Untracked 
| 152|0x000000008be00000, 0x000000008be00000, 0x000000008bf00000|  0%| F|  |TAMS 0x000000008be00000, 0x000000008be00000| Untracked 
| 153|0x000000008bf00000, 0x000000008bf00000, 0x000000008c000000|  0%| F|  |TAMS 0x000000008bf00000, 0x000000008bf00000| Untracked 
| 154|0x000000008c000000, 0x000000008c000000, 0x000000008c100000|  0%| F|  |TAMS 0x000000008c000000, 0x000000008c000000| Untracked 
| 155|0x000000008c100000, 0x000000008c100000, 0x000000008c200000|  0%| F|  |TAMS 0x000000008c100000, 0x000000008c100000| Untracked 
| 156|0x000000008c200000, 0x000000008c200000, 0x000000008c300000|  0%| F|  |TAMS 0x000000008c200000, 0x000000008c200000| Untracked 
| 157|0x000000008c300000, 0x000000008c300000, 0x000000008c400000|  0%| F|  |TAMS 0x000000008c300000, 0x000000008c300000| Untracked 
| 158|0x000000008c400000, 0x000000008c400000, 0x000000008c500000|  0%| F|  |TAMS 0x000000008c400000, 0x000000008c400000| Untracked 
| 159|0x000000008c500000, 0x000000008c500000, 0x000000008c600000|  0%| F|  |TAMS 0x000000008c500000, 0x000000008c500000| Untracked 
| 160|0x000000008c600000, 0x000000008c600000, 0x000000008c700000|  0%| F|  |TAMS 0x000000008c600000, 0x000000008c600000| Untracked 
| 161|0x000000008c700000, 0x000000008c700000, 0x000000008c800000|  0%| F|  |TAMS 0x000000008c700000, 0x000000008c700000| Untracked 
| 162|0x000000008c800000, 0x000000008c800000, 0x000000008c900000|  0%| F|  |TAMS 0x000000008c800000, 0x000000008c800000| Untracked 
| 163|0x000000008c900000, 0x000000008c900000, 0x000000008ca00000|  0%| F|  |TAMS 0x000000008c900000, 0x000000008c900000| Untracked 
| 164|0x000000008ca00000, 0x000000008ca00000, 0x000000008cb00000|  0%| F|  |TAMS 0x000000008ca00000, 0x000000008ca00000| Untracked 
| 165|0x000000008cb00000, 0x000000008cb00000, 0x000000008cc00000|  0%| F|  |TAMS 0x000000008cb00000, 0x000000008cb00000| Untracked 
| 166|0x000000008cc00000, 0x000000008cc00000, 0x000000008cd00000|  0%| F|  |TAMS 0x000000008cc00000, 0x000000008cc00000| Untracked 
| 167|0x000000008cd00000, 0x000000008cd00000, 0x000000008ce00000|  0%| F|  |TAMS 0x000000008cd00000, 0x000000008cd00000| Untracked 
| 168|0x000000008ce00000, 0x000000008ce00000, 0x000000008cf00000|  0%| F|  |TAMS 0x000000008ce00000, 0x000000008ce00000| Untracked 
| 169|0x000000008cf00000, 0x000000008d000000, 0x000000008d000000|100%| E|  |TAMS 0x000000008cf00000, 0x000000008cf00000| Complete 
| 170|0x000000008d000000, 0x000000008d100000, 0x000000008d100000|100%| E|CS|TAMS 0x000000008d000000, 0x000000008d000000| Complete 
| 171|0x000000008d100000, 0x000000008d200000, 0x000000008d200000|100%| S|CS|TAMS 0x000000008d100000, 0x000000008d100000| Complete 
| 172|0x000000008d200000, 0x000000008d300000, 0x000000008d300000|100%| E|CS|TAMS 0x000000008d200000, 0x000000008d200000| Complete 
| 173|0x000000008d300000, 0x000000008d400000, 0x000000008d400000|100%| E|CS|TAMS 0x000000008d300000, 0x000000008d300000| Complete 
| 174|0x000000008d400000, 0x000000008d500000, 0x000000008d500000|100%| E|CS|TAMS 0x000000008d400000, 0x000000008d400000| Complete 

Card table byte_map: [0x00000281a0ef0000,0x00000281a12e0000] _byte_map_base: 0x00000281a0add000

Marking Bits (Prev, Next): (CMBitMap*) 0x000002818dd1c518, (CMBitMap*) 0x000002818dd1c550
 Prev Bits: [0x00000281a16d0000, 0x00000281a3638000)
 Next Bits: [0x00000281a3640000, 0x00000281a55a8000)

Polling page: 0x000002818bb20000

Metaspace:

Usage:
  Non-class:     45.76 MB capacity,    45.37 MB (>99%) used,   316.35 KB ( <1%) free+waste,    79.50 KB ( <1%) overhead. 
      Class:      6.21 MB capacity,     5.97 MB ( 96%) used,   211.69 KB (  3%) free+waste,    35.31 KB ( <1%) overhead. 
       Both:     51.96 MB capacity,    51.34 MB ( 99%) used,   528.04 KB ( <1%) free+waste,   114.81 KB ( <1%) overhead. 

Virtual space:
  Non-class space:       46.00 MB reserved,      45.95 MB (>99%) committed 
      Class space:        1.00 GB reserved,       6.32 MB ( <1%) committed 
             Both:        1.04 GB reserved,      52.28 MB (  5%) committed 

Chunk freelists:
   Non-Class:  10.00 KB
       Class:  10.00 KB
        Both:  20.00 KB

MaxMetaspaceSize: 17179869184.00 GB
CompressedClassSpaceSize: 1.00 GB

CodeHeap 'non-profiled nmethods': size=120000Kb used=1767Kb max_used=1767Kb free=118233Kb
 bounds [0x00000281992a0000, 0x0000028199510000, 0x00000281a07d0000]
CodeHeap 'profiled nmethods': size=120000Kb used=8846Kb max_used=8846Kb free=111153Kb
 bounds [0x0000028191d70000, 0x0000028192620000, 0x00000281992a0000]
CodeHeap 'non-nmethods': size=5760Kb used=1201Kb max_used=1247Kb free=4558Kb
 bounds [0x00000281917d0000, 0x0000028191a40000, 0x0000028191d70000]
 total_blobs=4748 nmethods=4187 adapters=471
 compilation: enabled
              stopped_count=0, restarted_count=0
 full_count=0

Compilation events (20 events):
Event: 12.769 Thread 0x00000281a8981800 nmethod 4247 0x0000028192601110 code [0x00000281926012c0, 0x0000028192601478]
Event: 12.769 Thread 0x00000281a8981800 4251       3       org.jetbrains.kotlin.load.java.structure.impl.classFiles.BinaryJavaAnnotationVisitor::addArgument (16 bytes)
Event: 12.769 Thread 0x00000281a8981800 nmethod 4251 0x0000028192601510 code [0x00000281926016c0, 0x00000281926018a8]
Event: 12.769 Thread 0x00000281a8981800 4248       3       javaslang.collection.HashMap::put (7 bytes)
Event: 12.769 Thread 0x00000281a8981800 nmethod 4248 0x0000028192601990 code [0x0000028192601b60, 0x0000028192601f08]
Event: 12.769 Thread 0x00000281a8981800 4249       3       javaslang.collection.HashMap::put (19 bytes)
Event: 12.769 Thread 0x00000281a8981800 nmethod 4249 0x0000028192602090 code [0x0000028192602260, 0x00000281926025a8]
Event: 12.769 Thread 0x00000281a8981800 4250       3       javaslang.collection.HashArrayMappedTrieModule$AbstractNode::put (15 bytes)
Event: 12.769 Thread 0x00000281a8981800 nmethod 4250 0x0000028192602710 code [0x00000281926028e0, 0x0000028192602c38]
Event: 12.769 Thread 0x00000281a8981800 4246       3       java.util.concurrent.locks.ReentrantReadWriteLock$Sync::exclusiveCount (5 bytes)
Event: 12.769 Thread 0x00000281a8981800 nmethod 4246 0x0000028192602d90 code [0x0000028192602f40, 0x0000028192603018]
Event: 12.777 Thread 0x00000281a8981800 4252       3       org.jetbrains.kotlin.types.KotlinTypeKt::isError (59 bytes)
Event: 12.778 Thread 0x00000281a8981800 nmethod 4252 0x0000028192603090 code [0x0000028192603300, 0x0000028192603e58]
Event: 12.793 Thread 0x00000281a8981800 4253       3       org.jetbrains.kotlin.load.java.structure.impl.classFiles.BinaryJavaClass::getTypeParameters (19 bytes)
Event: 12.793 Thread 0x00000281a8981800 nmethod 4253 0x0000028192604110 code [0x00000281926043a0, 0x0000028192604bf8]
Event: 12.793 Thread 0x00000281a8981800 4254       3       org.jetbrains.kotlin.load.java.structure.impl.classFiles.BinaryClassSignatureParser::parseVariance (100 bytes)
Event: 12.793 Thread 0x00000281a8981800 nmethod 4254 0x0000028192604f90 code [0x0000028192605180, 0x00000281926055d8]
Event: 12.793 Thread 0x00000281a8981800 4255       3       org.jetbrains.kotlin.com.intellij.openapi.util.RecursionManager::access$000 (4 bytes)
Event: 12.794 Thread 0x00000281a8981800 nmethod 4255 0x0000028192605710 code [0x00000281926058c0, 0x00000281926059b8]
Event: 12.794 Thread 0x00000281a8981800 4256       3       org.jetbrains.kotlin.types.TypeUtils::noExpectedType (28 bytes)

GC Heap History (14 events):
Event: 1.592 GC heap before
{Heap before GC invocations=0 (full 0):
 garbage-first heap   total 129024K, used 27648K [0x0000000082600000, 0x0000000100000000)
  region size 1024K, 24 young (24576K), 0 survivors (0K)
 Metaspace       used 12303K, capacity 12405K, committed 12544K, reserved 1060864K
  class space    used 1154K, capacity 1174K, committed 1280K, reserved 1048576K
}
Event: 1.597 GC heap after
{Heap after GC invocations=1 (full 0):
 garbage-first heap   total 129024K, used 5670K [0x0000000082600000, 0x0000000100000000)
  region size 1024K, 3 young (3072K), 3 survivors (3072K)
 Metaspace       used 12303K, capacity 12405K, committed 12544K, reserved 1060864K
  class space    used 1154K, capacity 1174K, committed 1280K, reserved 1048576K
}
Event: 2.647 GC heap before
{Heap before GC invocations=1 (full 0):
 garbage-first heap   total 129024K, used 42534K [0x0000000082600000, 0x0000000100000000)
  region size 1024K, 40 young (40960K), 3 survivors (3072K)
 Metaspace       used 21000K, capacity 21203K, committed 21248K, reserved 1069056K
  class space    used 2215K, capacity 2299K, committed 2304K, reserved 1048576K
}
Event: 2.664 GC heap after
{Heap after GC invocations=2 (full 0):
 garbage-first heap   total 129024K, used 9655K [0x0000000082600000, 0x0000000100000000)
  region size 1024K, 7 young (7168K), 7 survivors (7168K)
 Metaspace       used 21000K, capacity 21203K, committed 21248K, reserved 1069056K
  class space    used 2215K, capacity 2299K, committed 2304K, reserved 1048576K
}
Event: 4.506 GC heap before
{Heap before GC invocations=3 (full 0):
 garbage-first heap   total 129024K, used 66999K [0x0000000082600000, 0x0000000100000000)
  region size 1024K, 55 young (56320K), 7 survivors (7168K)
 Metaspace       used 30435K, capacity 30871K, committed 31228K, reserved 1077248K
  class space    used 3582K, capacity 3744K, committed 3840K, reserved 1048576K
}
Event: 4.605 GC heap after
{Heap after GC invocations=4 (full 0):
 garbage-first heap   total 129024K, used 24964K [0x0000000082600000, 0x0000000100000000)
  region size 1024K, 7 young (7168K), 7 survivors (7168K)
 Metaspace       used 30435K, capacity 30871K, committed 31228K, reserved 1077248K
  class space    used 3582K, capacity 3744K, committed 3840K, reserved 1048576K
}
Event: 6.838 GC heap before
{Heap before GC invocations=4 (full 0):
 garbage-first heap   total 129024K, used 57732K [0x0000000082600000, 0x0000000100000000)
  region size 1024K, 36 young (36864K), 7 survivors (7168K)
 Metaspace       used 35511K, capacity 35952K, committed 36048K, reserved 1081344K
  class space    used 4153K, capacity 4328K, committed 4352K, reserved 1048576K
}
Event: 6.874 GC heap after
{Heap after GC invocations=5 (full 0):
 garbage-first heap   total 129024K, used 25655K [0x0000000082600000, 0x0000000100000000)
  region size 1024K, 3 young (3072K), 3 survivors (3072K)
 Metaspace       used 35511K, capacity 35952K, committed 36048K, reserved 1081344K
  class space    used 4153K, capacity 4328K, committed 4352K, reserved 1048576K
}
Event: 9.717 GC heap before
{Heap before GC invocations=6 (full 0):
 garbage-first heap   total 129024K, used 75831K [0x0000000082600000, 0x0000000100000000)
  region size 1024K, 51 young (52224K), 3 survivors (3072K)
 Metaspace       used 45793K, capacity 46303K, committed 46620K, reserved 1089536K
  class space    used 5408K, capacity 5618K, committed 5708K, reserved 1048576K
}
Event: 9.755 GC heap after
{Heap after GC invocations=7 (full 0):
 garbage-first heap   total 129024K, used 29767K [0x0000000082600000, 0x0000000100000000)
  region size 1024K, 7 young (7168K), 7 survivors (7168K)
 Metaspace       used 45793K, capacity 46303K, committed 46620K, reserved 1089536K
  class space    used 5408K, capacity 5618K, committed 5708K, reserved 1048576K
}
Event: 11.422 GC heap before
{Heap before GC invocations=7 (full 0):
 garbage-first heap   total 129024K, used 83015K [0x0000000082600000, 0x0000000100000000)
  region size 1024K, 57 young (58368K), 7 survivors (7168K)
 Metaspace       used 52046K, capacity 52635K, committed 52892K, reserved 1095680K
  class space    used 6059K, capacity 6294K, committed 6348K, reserved 1048576K
}
Event: 12.484 GC heap after
{Heap after GC invocations=8 (full 0):
 garbage-first heap   total 179200K, used 36251K [0x0000000082600000, 0x0000000100000000)
  region size 1024K, 5 young (5120K), 5 survivors (5120K)
 Metaspace       used 52046K, capacity 52635K, committed 52892K, reserved 1095680K
  class space    used 6059K, capacity 6294K, committed 6348K, reserved 1048576K
}
Event: 12.611 GC heap before
{Heap before GC invocations=8 (full 0):
 garbage-first heap   total 179200K, used 39323K [0x0000000082600000, 0x0000000100000000)
  region size 1024K, 8 young (8192K), 5 survivors (5120K)
 Metaspace       used 52422K, capacity 53019K, committed 53276K, reserved 1095680K
  class space    used 6108K, capacity 6358K, committed 6476K, reserved 1048576K
}
Event: 12.618 GC heap after
{Heap after GC invocations=9 (full 0):
 garbage-first heap   total 179200K, used 37871K [0x0000000082600000, 0x0000000100000000)
  region size 1024K, 1 young (1024K), 1 survivors (1024K)
 Metaspace       used 52422K, capacity 53019K, committed 53276K, reserved 1095680K
  class space    used 6108K, capacity 6358K, committed 6476K, reserved 1048576K
}

Deoptimization events (20 events):
Event: 11.005 Thread 0x000002818dcde000 Uncommon trap: trap_request=0xffffff4d fr.pc=0x0000028199413704 relative=0x0000000000000944
Event: 11.005 Thread 0x000002818dcde000 Uncommon trap: reason=unstable_if action=reinterpret pc=0x0000028199413704 method=gnu.trove.TObjectHash.insertionIndex(Ljava/lang/Object;)I @ 65 c2
Event: 11.005 Thread 0x000002818dcde000 DEOPT PACKING pc=0x0000028199413704 sp=0x000000ddef7fd7c0
Event: 11.005 Thread 0x000002818dcde000 DEOPT UNPACKING pc=0x00000281917f78af sp=0x000000ddef7fd760 mode 2
Event: 11.125 Thread 0x000002818dcde000 Uncommon trap: trap_request=0xffffff4d fr.pc=0x00000281994359f0 relative=0x00000000000000b0
Event: 11.125 Thread 0x000002818dcde000 Uncommon trap: reason=unstable_if action=reinterpret pc=0x00000281994359f0 method=java.text.StringCharacterIterator.current()C @ 19 c2
Event: 11.125 Thread 0x000002818dcde000 DEOPT PACKING pc=0x00000281994359f0 sp=0x000000ddef7fbf70
Event: 11.125 Thread 0x000002818dcde000 DEOPT UNPACKING pc=0x00000281917f78af sp=0x000000ddef7fbf08 mode 2
Event: 11.150 Thread 0x000002818dcde000 DEOPT PACKING pc=0x0000028192473109 sp=0x000000ddef7fb7b0
Event: 11.150 Thread 0x000002818dcde000 DEOPT UNPACKING pc=0x00000281917f76ce sp=0x000000ddef7fad28 mode 0
Event: 11.219 Thread 0x000002818dcde000 Uncommon trap: trap_request=0xffffffc6 fr.pc=0x00000281994230dc relative=0x00000000000003fc
Event: 11.219 Thread 0x000002818dcde000 Uncommon trap: reason=bimorphic_or_optimized_type_check action=maybe_recompile pc=0x00000281994230dc method=kotlin.SynchronizedLazyImpl.getValue()Ljava/lang/Object; @ 57 c2
Event: 11.219 Thread 0x000002818dcde000 DEOPT PACKING pc=0x00000281994230dc sp=0x000000ddef7fd920
Event: 11.219 Thread 0x000002818dcde000 DEOPT UNPACKING pc=0x00000281917f78af sp=0x000000ddef7fd8b8 mode 2
Event: 12.621 Thread 0x000002818dcde000 DEOPT PACKING pc=0x00000281922fedff sp=0x000000ddef7fd5c0
Event: 12.621 Thread 0x000002818dcde000 DEOPT UNPACKING pc=0x00000281917f76ce sp=0x000000ddef7fca10 mode 0
Event: 12.674 Thread 0x000002818dcde000 Uncommon trap: trap_request=0xffffff4d fr.pc=0x00000281994421a4 relative=0x0000000000002964
Event: 12.674 Thread 0x000002818dcde000 Uncommon trap: reason=unstable_if action=reinterpret pc=0x00000281994421a4 method=org.jetbrains.org.objectweb.asm.ClassReader.readMethod(Lorg/jetbrains/org/objectweb/asm/ClassVisitor;Lorg/jetbrains/org/objectweb/asm/Context;I)I @ 595 c2
Event: 12.674 Thread 0x000002818dcde000 DEOPT PACKING pc=0x00000281994421a4 sp=0x000000ddef7fbc40
Event: 12.674 Thread 0x000002818dcde000 DEOPT UNPACKING pc=0x00000281917f78af sp=0x000000ddef7fbbd8 mode 2

Classes redefined (0 events):
No events

Internal exceptions (20 events):
Event: 3.025 Thread 0x000002818dcde000 Exception <a 'java/lang/NoSuchMethodError'{0x0000000089a807e0}: 'java.lang.Object java.lang.invoke.DirectMethodHandle$Holder.invokeStatic(java.lang.Object, java.lang.Object, java.lang.Object, java.lang.Object, java.lang.Object, java.lang.Object, java.lang.Object, java.lang.Object, java.lang.Object, java.lang.Object, java.lang.Object, java.lang.Object, java.lang.Object, java.lang.Object, java.lang.Object)'> (0x0000000089a807e0) thrown at [./src/hotspot/share/interpreter/linkResolver.cpp, line 773]
Event: 3.027 Thread 0x000002818dcde000 Exception <a 'java/lang/NoSuchMethodError'{0x0000000089a8f090}: 'java.lang.Object java.lang.invoke.DirectMethodHandle$Holder.invokeStatic(java.lang.Object, java.lang.Object, java.lang.Object, java.lang.Object, java.lang.Object, java.lang.Object, java.lang.Object, java.lang.Object, java.lang.Object, java.lang.Object, java.lang.Object, java.lang.Object, java.lang.Object, java.lang.Object, java.lang.Object, java.lang.Object)'> (0x0000000089a8f090) thrown at [./src/hotspot/share/interpreter/linkResolver.cpp, l
Event: 3.028 Thread 0x000002818dcde000 Exception <a 'java/lang/NoSuchMethodError'{0x0000000089a9cfa8}: 'java.lang.Object java.lang.invoke.DirectMethodHandle$Holder.invokeSpecial(java.lang.Object, java.lang.Object, int, int, java.lang.Object, java.lang.Object, java.lang.Object)'> (0x0000000089a9cfa8) thrown at [./src/hotspot/share/interpreter/linkResolver.cpp, line 773]
Event: 3.028 Thread 0x000002818dcde000 Exception <a 'java/lang/NoSuchMethodError'{0x0000000089aa07e0}: 'java.lang.Object java.lang.invoke.DelegatingMethodHandle$Holder.reinvoke_L(java.lang.Object, int, int, java.lang.Object, java.lang.Object, java.lang.Object)'> (0x0000000089aa07e0) thrown at [./src/hotspot/share/interpreter/linkResolver.cpp, line 773]
Event: 3.029 Thread 0x000002818dcde000 Exception <a 'java/lang/NoSuchMethodError'{0x0000000089aa4b68}: 'java.lang.Object java.lang.invoke.DirectMethodHandle$Holder.invokeStatic(java.lang.Object, java.lang.Object, java.lang.Object, java.lang.Object, int)'> (0x0000000089aa4b68) thrown at [./src/hotspot/share/interpreter/linkResolver.cpp, line 773]
Event: 3.088 Thread 0x000002818dcde000 Implicit null exception at 0x000002819932aaac to 0x000002819932ac5a
Event: 3.127 Thread 0x000002818dcde000 Exception <a 'java/lang/NoSuchMethodError'{0x0000000089421048}: 'void java.lang.invoke.DirectMethodHandle$Holder.invokeStatic(java.lang.Object, java.lang.Object, java.lang.Object, java.lang.Object)'> (0x0000000089421048) thrown at [./src/hotspot/share/interpreter/linkResolver.cpp, line 773]
Event: 3.154 Thread 0x000002818dcde000 Exception <a 'java/lang/NoSuchMethodError'{0x0000000089370148}: 'void java.lang.invoke.DirectMethodHandle$Holder.invokeSpecial(java.lang.Object, java.lang.Object)'> (0x0000000089370148) thrown at [./src/hotspot/share/interpreter/linkResolver.cpp, line 773]
Event: 3.212 Thread 0x000002818dcde000 Exception <a 'java/lang/NoSuchMethodError'{0x0000000089013bf8}: 'void java.lang.invoke.DirectMethodHandle$Holder.invokeStaticInit(java.lang.Object, java.lang.Object)'> (0x0000000089013bf8) thrown at [./src/hotspot/share/interpreter/linkResolver.cpp, line 773]
Event: 3.220 Thread 0x000002818dcde000 Exception <a 'java/lang/NoSuchMethodError'{0x0000000089052010}: 'void java.lang.invoke.DirectMethodHandle$Holder.invokeInterface(java.lang.Object, java.lang.Object)'> (0x0000000089052010) thrown at [./src/hotspot/share/interpreter/linkResolver.cpp, line 773]
Event: 3.526 Thread 0x000002818dcde000 Exception <a 'java/lang/NoSuchMethodError'{0x0000000088bed4b0}: 'void java.lang.invoke.DirectMethodHandle$Holder.invokeVirtual(java.lang.Object, java.lang.Object)'> (0x0000000088bed4b0) thrown at [./src/hotspot/share/interpreter/linkResolver.cpp, line 773]
Event: 3.562 Thread 0x000002818dcde000 Exception <a 'java/lang/NoSuchMethodError'{0x0000000088a636e8}: 'int java.lang.invoke.DirectMethodHandle$Holder.invokeVirtual(java.lang.Object, java.lang.Object)'> (0x0000000088a636e8) thrown at [./src/hotspot/share/interpreter/linkResolver.cpp, line 773]
Event: 4.840 Thread 0x000002818dcde000 Implicit null exception at 0x0000028199304874 to 0x0000028199304a8c
Event: 4.842 Thread 0x000002818dcde000 Implicit null exception at 0x00000281992fbdde to 0x00000281992fc54a
Event: 4.843 Thread 0x000002818dcde000 Implicit null exception at 0x000002819930172f to 0x000002819930179d
Event: 5.586 Thread 0x000002818dcde000 Exception <a 'java/lang/NoSuchMethodError'{0x000000008913a0b8}: 'java.lang.Object java.lang.invoke.DirectMethodHandle$Holder.invokeVirtual(java.lang.Object, java.lang.Object, java.lang.Object)'> (0x000000008913a0b8) thrown at [./src/hotspot/share/interpreter/linkResolver.cpp, line 773]
Event: 8.579 Thread 0x000002818dcde000 Exception <a 'java/lang/NoSuchMethodError'{0x0000000087f39ba8}: 'java.lang.Object java.lang.invoke.Invokers$Holder.linkToTargetMethod(java.lang.Object, int, java.lang.Object)'> (0x0000000087f39ba8) thrown at [./src/hotspot/share/interpreter/linkResolver.cpp, line 773]
Event: 8.872 Thread 0x000002818dcde000 Exception <a 'java/lang/NoSuchMethodError'{0x0000000087d221b8}: 'java.lang.Object java.lang.invoke.DirectMethodHandle$Holder.invokeStatic(java.lang.Object, java.lang.Object, java.lang.Object, int)'> (0x0000000087d221b8) thrown at [./src/hotspot/share/interpreter/linkResolver.cpp, line 773]
Event: 8.873 Thread 0x000002818dcde000 Exception <a 'java/lang/NoSuchMethodError'{0x0000000087d25e28}: 'java.lang.Object java.lang.invoke.DirectMethodHandle$Holder.invokeSpecial(java.lang.Object, java.lang.Object, java.lang.Object, java.lang.Object, int)'> (0x0000000087d25e28) thrown at [./src/hotspot/share/interpreter/linkResolver.cpp, line 773]
Event: 8.873 Thread 0x000002818dcde000 Exception <a 'java/lang/NoSuchMethodError'{0x0000000087d29138}: 'java.lang.Object java.lang.invoke.Invokers$Holder.linkToTargetMethod(java.lang.Object, java.lang.Object, int, java.lang.Object)'> (0x0000000087d29138) thrown at [./src/hotspot/share/interpreter/linkResolver.cpp, line 773]

Events (20 events):
Event: 12.598 loading class org/jetbrains/kotlin/resolve/ExternalOverridabilityCondition$Contract
Event: 12.598 loading class org/jetbrains/kotlin/resolve/ExternalOverridabilityCondition$Contract done
Event: 12.599 loading class org/jetbrains/kotlin/resolve/ExternalOverridabilityCondition$Result
Event: 12.599 loading class org/jetbrains/kotlin/resolve/ExternalOverridabilityCondition$Result done
Event: 12.599 loading class org/jetbrains/kotlin/resolve/OverridingUtil$8
Event: 12.599 loading class org/jetbrains/kotlin/resolve/OverridingUtil$8 done
Event: 12.599 loading class org/jetbrains/kotlin/utils/SmartSet$SingletonIterator
Event: 12.599 loading class org/jetbrains/kotlin/utils/SmartSet$SingletonIterator done
Event: 12.599 loading class org/jetbrains/kotlin/descriptors/Visibilities
Event: 12.599 loading class org/jetbrains/kotlin/descriptors/Visibilities done
Event: 12.611 Executing VM operation: G1CollectForAllocation
Event: 12.618 Executing VM operation: G1CollectForAllocation done
Event: 12.622 loading class org/jetbrains/kotlin/resolve/OverridingUtil$5
Event: 12.622 loading class org/jetbrains/kotlin/resolve/OverridingUtil$5 done
Event: 12.642 loading class org/jetbrains/kotlin/resolve/OverridingUtil$4
Event: 12.642 loading class org/jetbrains/kotlin/resolve/OverridingUtil$4 done
Event: 12.652 loading class org/jetbrains/kotlin/load/java/structure/impl/classFiles/PlainJavaClassObjectAnnotationArgument
Event: 12.652 loading class org/jetbrains/kotlin/load/java/structure/impl/classFiles/PlainJavaClassObjectAnnotationArgument done
Event: 12.652 loading class org/jetbrains/kotlin/load/java/structure/JavaClassObjectAnnotationArgument
Event: 12.652 loading class org/jetbrains/kotlin/load/java/structure/JavaClassObjectAnnotationArgument done


Dynamic libraries:
0x00007ff737210000 - 0x00007ff73721a000 	C:\Program Files\Android\Android Studio\jre\bin\java.exe
0x00007ffcbf3e0000 - 0x00007ffcbf5e7000 	C:\WINDOWS\SYSTEM32\ntdll.dll
0x00007ffcbebc0000 - 0x00007ffcbec7d000 	C:\WINDOWS\System32\KERNEL32.DLL
0x00007ffcbcc80000 - 0x00007ffcbcff4000 	C:\WINDOWS\System32\KERNELBASE.dll
0x00007ffcbd0c0000 - 0x00007ffcbd1d1000 	C:\WINDOWS\System32\ucrtbase.dll
0x00007ffca1100000 - 0x00007ffca1119000 	C:\Program Files\Android\Android Studio\jre\bin\jli.dll
0x00007ffca0700000 - 0x00007ffca0717000 	C:\Program Files\Android\Android Studio\jre\bin\VCRUNTIME140.dll
0x00007ffcbdf10000 - 0x00007ffcbe0bc000 	C:\WINDOWS\System32\USER32.dll
0x00007ffcbca60000 - 0x00007ffcbca86000 	C:\WINDOWS\System32\win32u.dll
0x00007ffcbba00000 - 0x00007ffcbbca5000 	C:\WINDOWS\WinSxS\amd64_microsoft.windows.common-controls_6595b64144ccf1df_6.0.22000.120_none_9d947278b86cc467\COMCTL32.dll
0x00007ffcbeb60000 - 0x00007ffcbeb89000 	C:\WINDOWS\System32\GDI32.dll
0x00007ffcbddc0000 - 0x00007ffcbde63000 	C:\WINDOWS\System32\msvcrt.dll
0x00007ffcbc940000 - 0x00007ffcbca52000 	C:\WINDOWS\System32\gdi32full.dll
0x00007ffcbc8a0000 - 0x00007ffcbc93d000 	C:\WINDOWS\System32\msvcp_win.dll
0x00007ffcbeb20000 - 0x00007ffcbeb51000 	C:\WINDOWS\System32\IMM32.DLL
0x00007ffc9e380000 - 0x00007ffc9e41d000 	C:\Program Files\Android\Android Studio\jre\bin\msvcp140.dll
0x00007ffc68760000 - 0x00007ffc6922f000 	C:\Program Files\Android\Android Studio\jre\bin\server\jvm.dll
0x00007ffcbe240000 - 0x00007ffcbe2ee000 	C:\WINDOWS\System32\ADVAPI32.dll
0x00007ffcbde70000 - 0x00007ffcbdf0e000 	C:\WINDOWS\System32\sechost.dll
0x00007ffcbece0000 - 0x00007ffcbee00000 	C:\WINDOWS\System32\RPCRT4.dll
0x00007ffcbee00000 - 0x00007ffcbee08000 	C:\WINDOWS\System32\PSAPI.DLL
0x00007ffcb8ff0000 - 0x00007ffcb8ff9000 	C:\WINDOWS\SYSTEM32\WSOCK32.dll
0x00007ffcb58b0000 - 0x00007ffcb58ba000 	C:\WINDOWS\SYSTEM32\VERSION.dll
0x00007ffcbd3d0000 - 0x00007ffcbd43f000 	C:\WINDOWS\System32\WS2_32.dll
0x00007ffcb4ae0000 - 0x00007ffcb4b13000 	C:\WINDOWS\SYSTEM32\WINMM.dll
0x00007ffcbb650000 - 0x00007ffcbb668000 	C:\WINDOWS\SYSTEM32\kernel.appcore.dll
0x00007ffcb8c30000 - 0x00007ffcb8c41000 	C:\Program Files\Android\Android Studio\jre\bin\verify.dll
0x00007ffcbc1d0000 - 0x00007ffcbc3f1000 	C:\WINDOWS\SYSTEM32\DBGHELP.DLL
0x00007ffcbbd60000 - 0x00007ffcbbd91000 	C:\WINDOWS\SYSTEM32\dbgcore.DLL
0x00007ffcbca90000 - 0x00007ffcbcb0f000 	C:\WINDOWS\System32\bcryptPrimitives.dll
0x00007ffcb8b50000 - 0x00007ffcb8b79000 	C:\Program Files\Android\Android Studio\jre\bin\java.dll
0x00007ffcb8fe0000 - 0x00007ffcb8feb000 	C:\Program Files\Android\Android Studio\jre\bin\jimage.dll
0x00007ffcb8b30000 - 0x00007ffcb8b48000 	C:\Program Files\Android\Android Studio\jre\bin\zip.dll
0x00007ffcbe2f0000 - 0x00007ffcbea9e000 	C:\WINDOWS\System32\SHELL32.dll
0x00007ffcb9c30000 - 0x00007ffcba497000 	C:\WINDOWS\SYSTEM32\windows.storage.dll
0x00007ffcbee90000 - 0x00007ffcbf208000 	C:\WINDOWS\System32\combase.dll
0x00007ffcb9ac0000 - 0x00007ffcb9c26000 	C:\WINDOWS\SYSTEM32\wintypes.dll
0x00007ffcbf270000 - 0x00007ffcbf35a000 	C:\WINDOWS\System32\SHCORE.dll
0x00007ffcbe1e0000 - 0x00007ffcbe23d000 	C:\WINDOWS\System32\shlwapi.dll
0x00007ffcbc7d0000 - 0x00007ffcbc7f1000 	C:\WINDOWS\SYSTEM32\profapi.dll
0x00007ffcb3550000 - 0x00007ffcb356a000 	C:\Program Files\Android\Android Studio\jre\bin\net.dll
0x00007ffcb6ec0000 - 0x00007ffcb6fcc000 	C:\WINDOWS\SYSTEM32\WINHTTP.dll
0x00007ffcbb710000 - 0x00007ffcbb777000 	C:\WINDOWS\system32\mswsock.dll
0x00007ffcb33d0000 - 0x00007ffcb33e4000 	C:\Program Files\Android\Android Studio\jre\bin\nio.dll

dbghelp: loaded successfully - version: 4.0.5 - missing functions: none
symbol engine: initialized successfully - sym options: 0x614 - pdb path: .;C:\Program Files\Android\Android Studio\jre\bin;C:\WINDOWS\SYSTEM32;C:\WINDOWS\WinSxS\amd64_microsoft.windows.common-controls_6595b64144ccf1df_6.0.22000.120_none_9d947278b86cc467;C:\Program Files\Android\Android Studio\jre\bin\server

VM Arguments:
java_command: org.jetbrains.kotlin.cli.jvm.K2JVMCompiler @C:\Users\parde\AndroidStudioProjects\Basis_Assignment\app\build\20220120_12057345040600293176.compiler.options
java_class_path (initial): C:\Users\parde\.gradle\caches\modules-2\files-2.1\org.jetbrains.kotlin\kotlin-compiler-embeddable\1.5.21\40ddbcae9ff100473f95370c2d589ba3fc48eed5\kotlin-compiler-embeddable-1.5.21.jar;C:\Users\parde\.gradle\caches\modules-2\files-2.1\org.jetbrains.kotlin\kotlin-reflect\1.5.21\802f1f39735ae1eb2b75714a40fa19bb2e687e96\kotlin-reflect-1.5.21.jar;C:\Users\parde\.gradle\caches\modules-2\files-2.1\org.jetbrains.kotlin\kotlin-stdlib\1.5.21\2f537cad7e9eeb9da73738c8812e1e4cf9b62e4e\kotlin-stdlib-1.5.21.jar;C:\Users\parde\.gradle\caches\modules-2\files-2.1\org.jetbrains.kotlin\kotlin-script-runtime\1.5.21\96d49e89873fde985750af354b6eabb60cfa999b\kotlin-script-runtime-1.5.21.jar;C:\Users\parde\.gradle\caches\modules-2\files-2.1\org.jetbrains.kotlin\kotlin-daemon-embeddable\1.5.21\17255809e66a940dfdf6289bccbdfb5a09f3145\kotlin-daemon-embeddable-1.5.21.jar;C:\Users\parde\.gradle\caches\modules-2\files-2.1\org.jetbrains.intellij.deps\trove4j\1.0.20181211\216c2e14b070f334479d800987affe4054cd563f\trove4j-1.0.20181211.jar;C:\Users\parde\.gradle\caches\modules-2\files-2.1\org.jetbrains\annotations\13.0\919f0dfe192fb4e063e7dacadee7f8bb9a2672a9\annotations-13.0.jar;C:\Users\parde\.gradle\caches\modules-2\files-2.1\org.jetbrains.kotlin\kotlin-stdlib-common\1.5.21\cc8bf3586fd2ebcf234058b9440bb406e62dfacb\kotlin-stdlib-common-1.5.21.jar
Launcher Type: SUN_STANDARD

[Global flags]
     intx CICompilerCount                          = 4                                         {product} {ergonomic}
     uint ConcGCThreads                            = 2                                         {product} {ergonomic}
     uint G1ConcRefinementThreads                  = 8                                         {product} {ergonomic}
   size_t G1HeapRegionSize                         = 1048576                                   {product} {ergonomic}
    uintx GCDrainStackTargetSize                   = 64                                        {product} {ergonomic}
   size_t InitialHeapSize                          = 132120576                                 {product} {ergonomic}
   size_t MarkStackSize                            = 4194304                                   {product} {ergonomic}
   size_t MaxHeapSize                              = 2107637760                                {product} {ergonomic}
   size_t MaxNewSize                               = 1264582656                                {product} {ergonomic}
   size_t MinHeapDeltaBytes                        = 1048576                                   {product} {ergonomic}
    uintx NonNMethodCodeHeapSize                   = 5836300                                {pd product} {ergonomic}
    uintx NonProfiledCodeHeapSize                  = 122910970                              {pd product} {ergonomic}
    uintx ProfiledCodeHeapSize                     = 122910970                              {pd product} {ergonomic}
    uintx ReservedCodeCacheSize                    = 251658240                              {pd product} {ergonomic}
     bool SegmentedCodeCache                       = true                                      {product} {ergonomic}
     bool UseCompressedClassPointers               = true                                 {lp64_product} {ergonomic}
     bool UseCompressedOops                        = true                                 {lp64_product} {ergonomic}
     bool UseG1GC                                  = true                                      {product} {ergonomic}
     bool UseLargePagesIndividualAllocation        = false                                  {pd product} {ergonomic}

Logging:
Log output configuration:
 #0: stdout all=warning uptime,level,tags
 #1: stderr all=off uptime,level,tags

Environment Variables:
PATH=C:\Program Files (x86)\Common Files\Oracle\Java\javapath;C:\Program Files (x86)\Intel\Intel(R) Management Engine Components\iCLS\;C:\Program Files\Intel\Intel(R) Management Engine Components\iCLS\;C:\Windows\system32;C:\Windows;C:\Windows\System32\Wbem;C:\Windows\System32\WindowsPowerShell\v1.0\;C:\Windows\System32\OpenSSH\;C:\Program Files (x86)\Intel\Intel(R) Management Engine Components\DAL;C:\Program Files\Intel\Intel(R) Management Engine Components\DAL;C:\Program Files (x86)\Intel\Intel(R) Management Engine Components\IPT;C:\Program Files\Intel\Intel(R) Management Engine Components\IPT;C:\Program Files (x86)\NVIDIA Corporation\PhysX\Common;C:\WINDOWS\system32;C:\WINDOWS;C:\WINDOWS\System32\Wbem;C:\WINDOWS\System32\WindowsPowerShell\v1.0\;C:\WINDOWS\System32\OpenSSH\;C:\Program Files\MATLAB\R2020a\bin;C:\Program Files\nodejs\;C:\Program Files\Git\cmd;C:\Users\parde\AppData\Local\Programs\Python\Python38\Scripts\;C:\Users\parde\AppData\Local\Programs\Python\Python38\;C:\Users\parde\AppData\Local\Microsoft\WindowsApps;C:\Program Files\JetBrains\PyCharm Community Edition 2019.3.3\bin;;C:\Users\parde\AppData\Local\Programs\Microsoft VS Code\bin;C:\Users\parde\AppData\Roaming\npm;C:\Users\parde\AppData\Local\GitHubDesktop\bin;
USERNAME=SDP
OS=Windows_NT
PROCESSOR_IDENTIFIER=Intel64 Family 6 Model 158 Stepping 10, GenuineIntel



---------------  S Y S T E M  ---------------

OS: Windows 10 , 64 bit Build 22000 (10.0.22000.434)
OS uptime: 0 days 8:03 hours

CPU:total 8 (initial active 8) (4 cores per cpu, 2 threads per core) family 6 model 158 stepping 10 microcode 0xde, cmov, cx8, fxsr, mmx, sse, sse2, sse3, ssse3, sse4.1, sse4.2, popcnt, avx, avx2, aes, clmul, erms, 3dnowpref, lzcnt, ht, tsc, tscinvbit, bmi1, bmi2, adx, fma

Memory: 4k page, system-wide physical 8032M (481M free)
TotalPageFile size 15726M (AvailPageFile size 3M)
current process WorkingSet (physical memory assigned to process): 257M, peak: 257M
current process commit charge ("private bytes"): 370M, peak: 374M

vm_info: OpenJDK 64-Bit Server VM (11.0.10+0-b96-7249189) for windows-amd64 JRE (11.0.10+0-b96-7249189), built on Mar 31 2021 21:44:00 by "builder" with MS VC++ 14.0 (VS2015)

END.
