#
# There is insufficient memory for the Java Runtime Environment to continue.
# Native memory allocation (malloc) failed to allocate 1296016 bytes for Chunk::new
# Possible reasons:
#   The system is out of physical RAM or swap space
#   The process is running with CompressedOops enabled, and the Java Heap may be blocking the growth of the native heap
# Possible solutions:
#   Reduce memory load on the system
#   Increase physical memory or swap space
#   Check if swap backing store is full
#   Decrease Java heap size (-Xmx/-Xms)
#   Decrease number of Java threads
#   Decrease Java thread stack sizes (-Xss)
#   Set larger code cache with -XX:ReservedCodeCacheSize=
#   JVM is running with Unscaled Compressed Oops mode in which the Java heap is
#     placed in the first 4GB address space. The Java Heap base address is the
#     maximum limit for the native heap growth. Please use -XX:HeapBaseMinAddress
#     to set the Java Heap base and to place the Java Heap above 4GB virtual address.
# This output file may be truncated or incomplete.
#
#  Out of Memory Error (./src/hotspot/share/memory/arena.cpp:197), pid=14948, tid=16000
#
# JRE version: OpenJDK Runtime Environment (11.0.10) (build 11.0.10+0-b96-7249189)
# Java VM: OpenJDK 64-Bit Server VM (11.0.10+0-b96-7249189, mixed mode, tiered, compressed oops, g1 gc, windows-amd64)
# No core dump will be written. Minidumps are not enabled by default on client versions of Windows
#

---------------  S U M M A R Y ------------

Command Line: org.jetbrains.kotlin.cli.jvm.K2JVMCompiler @C:\Users\parde\AndroidStudioProjects\Basis_Assignment\app\build\20220120_11557999674960959312.compiler.options

Host: Intel(R) Core(TM) i5-8300H CPU @ 2.30GHz, 8 cores, 7G,  Windows 10 , 64 bit Build 22000 (10.0.22000.434)
Time: Thu Jan 20 07:39:06 2022 India Standard Time elapsed time: 11.689827 seconds (0d 0h 0m 11s)

---------------  T H R E A D  ---------------

Current thread (0x000001e7c3e1a800):  JavaThread "C2 CompilerThread1" daemon [_thread_in_native, id=16000, stack(0x000000ae99300000,0x000000ae99400000)]


Current CompileTask:
C2:  11689 6760       4       org.jetbrains.kotlin.types.TypeUtils::contains (298 bytes)

Stack: [0x000000ae99300000,0x000000ae99400000]
Native frames: (J=compiled Java code, j=interpreted, Vv=VM code, C=native code)
V  [jvm.dll+0x5ecfaa]
V  [jvm.dll+0x722bd5]
V  [jvm.dll+0x72412d]
V  [jvm.dll+0x7247e3]
V  [jvm.dll+0x242928]
V  [jvm.dll+0xbc4fc]
V  [jvm.dll+0xbca0c]
V  [jvm.dll+0x352d7d]
V  [jvm.dll+0x320ad3]
V  [jvm.dll+0x31ffca]
V  [jvm.dll+0x1fb602]
V  [jvm.dll+0x1fa7f4]
V  [jvm.dll+0x18354c]
V  [jvm.dll+0x208ee7]
V  [jvm.dll+0x207731]
V  [jvm.dll+0x6eb1cf]
V  [jvm.dll+0x6e3d45]
V  [jvm.dll+0x5ebe96]
C  [ucrtbase.dll+0x26c0c]
C  [KERNEL32.DLL+0x154e0]
C  [ntdll.dll+0x485b]


---------------  P R O C E S S  ---------------

Threads class SMR info:
_java_thread_list=0x000001e7c9287560, length=11, elements={
0x000001e7a8f7e800, 0x000001e7c332d000, 0x000001e7c3336000, 0x000001e7c3ca7800,
0x000001e7c3ca8800, 0x000001e7c3ca9800, 0x000001e7c3caf000, 0x000001e7c3cb1000,
0x000001e7c3355800, 0x000001e7c3e1f000, 0x000001e7c3e1a800
}

Java Threads: ( => current thread )
  0x000001e7a8f7e800 JavaThread "main" [_thread_in_vm, id=4164, stack(0x000000ae98200000,0x000000ae98300000)]
  0x000001e7c332d000 JavaThread "Reference Handler" daemon [_thread_blocked, id=13068, stack(0x000000ae98900000,0x000000ae98a00000)]
  0x000001e7c3336000 JavaThread "Finalizer" daemon [_thread_blocked, id=568, stack(0x000000ae98a00000,0x000000ae98b00000)]
  0x000001e7c3ca7800 JavaThread "Signal Dispatcher" daemon [_thread_blocked, id=9180, stack(0x000000ae98b00000,0x000000ae98c00000)]
  0x000001e7c3ca8800 JavaThread "Attach Listener" daemon [_thread_blocked, id=13728, stack(0x000000ae98c00000,0x000000ae98d00000)]
  0x000001e7c3ca9800 JavaThread "Service Thread" daemon [_thread_blocked, id=9800, stack(0x000000ae98d00000,0x000000ae98e00000)]
  0x000001e7c3caf000 JavaThread "C2 CompilerThread0" daemon [_thread_in_native, id=17188, stack(0x000000ae98e00000,0x000000ae98f00000)]
  0x000001e7c3cb1000 JavaThread "C1 CompilerThread0" daemon [_thread_blocked, id=11424, stack(0x000000ae98f00000,0x000000ae99000000)]
  0x000001e7c3355800 JavaThread "Sweeper thread" daemon [_thread_blocked, id=8356, stack(0x000000ae99000000,0x000000ae99100000)]
  0x000001e7c3e1f000 JavaThread "Common-Cleaner" daemon [_thread_blocked, id=2156, stack(0x000000ae99200000,0x000000ae99300000)]
=>0x000001e7c3e1a800 JavaThread "C2 CompilerThread1" daemon [_thread_in_native, id=16000, stack(0x000000ae99300000,0x000000ae99400000)]

Other Threads:
  0x000001e7c3307000 VMThread "VM Thread" [stack: 0x000000ae98800000,0x000000ae98900000] [id=6740]
  0x000001e7c3e19800 WatcherThread [stack: 0x000000ae99100000,0x000000ae99200000] [id=11640]
  0x000001e7a8f96800 GCTaskThread "GC Thread#0" [stack: 0x000000ae98300000,0x000000ae98400000] [id=12204]
  0x000001e7c444d000 GCTaskThread "GC Thread#1" [stack: 0x000000ae99500000,0x000000ae99600000] [id=15940]
  0x000001e7c445c000 GCTaskThread "GC Thread#2" [stack: 0x000000ae99600000,0x000000ae99700000] [id=14092]
  0x000001e7a8fc6800 ConcurrentGCThread "G1 Main Marker" [stack: 0x000000ae98400000,0x000000ae98500000] [id=6588]
  0x000001e7a8fc8000 ConcurrentGCThread "G1 Conc#0" [stack: 0x000000ae98500000,0x000000ae98600000] [id=16968]
  0x000001e7c4478000 ConcurrentGCThread "G1 Conc#1" [stack: 0x000000ae99700000,0x000000ae99800000] [id=14944]
  0x000001e7c3170800 ConcurrentGCThread "G1 Refine#0" [stack: 0x000000ae98600000,0x000000ae98700000] [id=17012]
  0x000001e7c505a000 ConcurrentGCThread "G1 Refine#1" [stack: 0x000000ae99800000,0x000000ae99900000] [id=1296]
  0x000001e7c5044000 ConcurrentGCThread "G1 Refine#2" [stack: 0x000000ae99900000,0x000000ae99a00000] [id=3364]
  0x000001e7c50c1800 ConcurrentGCThread "G1 Refine#3" [stack: 0x000000ae99a00000,0x000000ae99b00000] [id=5032]
  0x000001e7c3171800 ConcurrentGCThread "G1 Young RemSet Sampling" [stack: 0x000000ae98700000,0x000000ae98800000] [id=17336]

Threads with active compile tasks:
C2 CompilerThread0  12097 6776       4       org.jetbrains.kotlin.builtins.KotlinBuiltIns::isTypeConstructorForGivenClass (46 bytes)
C2 CompilerThread1  12097 6760       4       org.jetbrains.kotlin.types.TypeUtils::contains (298 bytes)

VM state:not at safepoint (normal execution)

VM Mutex/Monitor currently owned by a thread: None

Heap address: 0x0000000082600000, size: 2010 MB, Compressed Oops mode: 32-bit
Narrow klass base: 0x0000000000000000, Narrow klass shift: 3
Compressed class space size: 1073741824 Address: 0x0000000100000000

Heap:
 garbage-first heap   total 155648K, used 60486K [0x0000000082600000, 0x0000000100000000)
  region size 1024K, 17 young (17408K), 8 survivors (8192K)
 Metaspace       used 60368K, capacity 61127K, committed 61340K, reserved 1103872K
  class space    used 6999K, capacity 7306K, committed 7372K, reserved 1048576K
Heap Regions: E=young(eden), S=young(survivor), O=old, HS=humongous(starts), HC=humongous(continues), CS=collection set, F=free, A=archive, TAMS=top-at-mark-start (previous, next)
|   0|0x0000000082600000, 0x0000000082700000, 0x0000000082700000|100%|HS|  |TAMS 0x0000000082700000, 0x0000000082600000| Complete 
|   1|0x0000000082700000, 0x0000000082800000, 0x0000000082800000|100%|HC|  |TAMS 0x0000000082800000, 0x0000000082700000| Complete 
|   2|0x0000000082800000, 0x0000000082900000, 0x0000000082900000|100%|HC|  |TAMS 0x0000000082900000, 0x0000000082800000| Complete 
|   3|0x0000000082900000, 0x0000000082a00000, 0x0000000082a00000|100%|HS|  |TAMS 0x0000000082a00000, 0x0000000082900000| Complete 
|   4|0x0000000082a00000, 0x0000000082b00000, 0x0000000082b00000|100%|HC|  |TAMS 0x0000000082b00000, 0x0000000082a00000| Complete 
|   5|0x0000000082b00000, 0x0000000082c00000, 0x0000000082c00000|100%|HC|  |TAMS 0x0000000082c00000, 0x0000000082b00000| Complete 
|   6|0x0000000082c00000, 0x0000000082d00000, 0x0000000082d00000|100%|HS|  |TAMS 0x0000000082d00000, 0x0000000082c00000| Complete 
|   7|0x0000000082d00000, 0x0000000082e00000, 0x0000000082e00000|100%|HC|  |TAMS 0x0000000082e00000, 0x0000000082d00000| Complete 
|   8|0x0000000082e00000, 0x0000000082f00000, 0x0000000082f00000|100%|HC|  |TAMS 0x0000000082f00000, 0x0000000082e00000| Complete 
|   9|0x0000000082f00000, 0x0000000083000000, 0x0000000083000000|100%| O|  |TAMS 0x0000000083000000, 0x0000000082f00000| Untracked 
|  10|0x0000000083000000, 0x0000000083100000, 0x0000000083100000|100%| O|  |TAMS 0x0000000083100000, 0x0000000083000000| Untracked 
|  11|0x0000000083100000, 0x0000000083200000, 0x0000000083200000|100%| O|  |TAMS 0x0000000083200000, 0x0000000083100000| Untracked 
|  12|0x0000000083200000, 0x0000000083300000, 0x0000000083300000|100%| O|  |TAMS 0x0000000083300000, 0x0000000083200000| Untracked 
|  13|0x0000000083300000, 0x0000000083400000, 0x0000000083400000|100%| O|  |TAMS 0x0000000083400000, 0x0000000083300000| Untracked 
|  14|0x0000000083400000, 0x0000000083500000, 0x0000000083500000|100%| O|  |TAMS 0x0000000083500000, 0x0000000083400000| Untracked 
|  15|0x0000000083500000, 0x0000000083600000, 0x0000000083600000|100%| O|  |TAMS 0x0000000083600000, 0x0000000083500000| Untracked 
|  16|0x0000000083600000, 0x0000000083700000, 0x0000000083700000|100%| O|  |TAMS 0x0000000083700000, 0x0000000083600000| Untracked 
|  17|0x0000000083700000, 0x0000000083800000, 0x0000000083800000|100%| O|  |TAMS 0x0000000083800000, 0x0000000083700000| Untracked 
|  18|0x0000000083800000, 0x0000000083900000, 0x0000000083900000|100%| O|  |TAMS 0x0000000083900000, 0x0000000083800000| Untracked 
|  19|0x0000000083900000, 0x0000000083a00000, 0x0000000083a00000|100%| O|  |TAMS 0x0000000083a00000, 0x0000000083900000| Untracked 
|  20|0x0000000083a00000, 0x0000000083b00000, 0x0000000083b00000|100%| O|  |TAMS 0x0000000083b00000, 0x0000000083a00000| Untracked 
|  21|0x0000000083b00000, 0x0000000083c00000, 0x0000000083c00000|100%| O|  |TAMS 0x0000000083c00000, 0x0000000083b00000| Untracked 
|  22|0x0000000083c00000, 0x0000000083d00000, 0x0000000083d00000|100%| O|  |TAMS 0x0000000083d00000, 0x0000000083c00000| Untracked 
|  23|0x0000000083d00000, 0x0000000083e00000, 0x0000000083e00000|100%| O|  |TAMS 0x0000000083e00000, 0x0000000083d00000| Untracked 
|  24|0x0000000083e00000, 0x0000000083f00000, 0x0000000083f00000|100%|HS|  |TAMS 0x0000000083f00000, 0x0000000083e00000| Complete 
|  25|0x0000000083f00000, 0x0000000084000000, 0x0000000084000000|100%|HC|  |TAMS 0x0000000084000000, 0x0000000083f00000| Complete 
|  26|0x0000000084000000, 0x0000000084100000, 0x0000000084100000|100%| O|  |TAMS 0x0000000084100000, 0x0000000084000000| Untracked 
|  27|0x0000000084100000, 0x0000000084200000, 0x0000000084200000|100%| O|  |TAMS 0x0000000084200000, 0x0000000084100000| Untracked 
|  28|0x0000000084200000, 0x0000000084300000, 0x0000000084300000|100%| O|  |TAMS 0x0000000084300000, 0x0000000084200000| Untracked 
|  29|0x0000000084300000, 0x0000000084400000, 0x0000000084400000|100%| O|  |TAMS 0x0000000084400000, 0x0000000084300000| Untracked 
|  30|0x0000000084400000, 0x0000000084500000, 0x0000000084500000|100%| O|  |TAMS 0x0000000084500000, 0x0000000084400000| Untracked 
|  31|0x0000000084500000, 0x0000000084600000, 0x0000000084600000|100%| O|  |TAMS 0x0000000084600000, 0x0000000084500000| Untracked 
|  32|0x0000000084600000, 0x0000000084700000, 0x0000000084700000|100%| O|  |TAMS 0x0000000084700000, 0x0000000084600000| Untracked 
|  33|0x0000000084700000, 0x0000000084800000, 0x0000000084800000|100%| O|  |TAMS 0x0000000084800000, 0x0000000084700000| Untracked 
|  34|0x0000000084800000, 0x0000000084900000, 0x0000000084900000|100%| O|  |TAMS 0x0000000084900000, 0x0000000084800000| Untracked 
|  35|0x0000000084900000, 0x0000000084a00000, 0x0000000084a00000|100%| O|  |TAMS 0x0000000084a00000, 0x0000000084900000| Untracked 
|  36|0x0000000084a00000, 0x0000000084b00000, 0x0000000084b00000|100%| O|  |TAMS 0x0000000084b00000, 0x0000000084a00000| Untracked 
|  37|0x0000000084b00000, 0x0000000084c00000, 0x0000000084c00000|100%| O|  |TAMS 0x0000000084c00000, 0x0000000084b00000| Untracked 
|  38|0x0000000084c00000, 0x0000000084d00000, 0x0000000084d00000|100%| O|  |TAMS 0x0000000084d00000, 0x0000000084c00000| Untracked 
|  39|0x0000000084d00000, 0x0000000084e00000, 0x0000000084e00000|100%| O|  |TAMS 0x0000000084e00000, 0x0000000084d00000| Untracked 
|  40|0x0000000084e00000, 0x0000000084f00000, 0x0000000084f00000|100%| O|  |TAMS 0x0000000084f00000, 0x0000000084e00000| Untracked 
|  41|0x0000000084f00000, 0x0000000085000000, 0x0000000085000000|100%| O|  |TAMS 0x0000000085000000, 0x0000000084f00000| Untracked 
|  42|0x0000000085000000, 0x0000000085100000, 0x0000000085100000|100%| O|  |TAMS 0x0000000085100000, 0x0000000085000000| Untracked 
|  43|0x0000000085100000, 0x000000008519dc00, 0x0000000085200000| 61%| O|  |TAMS 0x000000008519dc00, 0x0000000085100000| Untracked 
|  44|0x0000000085200000, 0x0000000085200000, 0x0000000085300000|  0%| F|  |TAMS 0x0000000085200000, 0x0000000085200000| Untracked 
|  45|0x0000000085300000, 0x0000000085300000, 0x0000000085400000|  0%| F|  |TAMS 0x0000000085300000, 0x0000000085300000| Untracked 
|  46|0x0000000085400000, 0x0000000085400000, 0x0000000085500000|  0%| F|  |TAMS 0x0000000085400000, 0x0000000085400000| Untracked 
|  47|0x0000000085500000, 0x0000000085500000, 0x0000000085600000|  0%| F|  |TAMS 0x0000000085500000, 0x0000000085500000| Untracked 
|  48|0x0000000085600000, 0x0000000085600000, 0x0000000085700000|  0%| F|  |TAMS 0x0000000085600000, 0x0000000085600000| Untracked 
|  49|0x0000000085700000, 0x0000000085700000, 0x0000000085800000|  0%| F|  |TAMS 0x0000000085700000, 0x0000000085700000| Untracked 
|  50|0x0000000085800000, 0x0000000085800000, 0x0000000085900000|  0%| F|  |TAMS 0x0000000085800000, 0x0000000085800000| Untracked 
|  51|0x0000000085900000, 0x0000000085900000, 0x0000000085a00000|  0%| F|  |TAMS 0x0000000085900000, 0x0000000085900000| Untracked 
|  52|0x0000000085a00000, 0x0000000085a00000, 0x0000000085b00000|  0%| F|  |TAMS 0x0000000085a00000, 0x0000000085a00000| Untracked 
|  53|0x0000000085b00000, 0x0000000085b00000, 0x0000000085c00000|  0%| F|  |TAMS 0x0000000085b00000, 0x0000000085b00000| Untracked 
|  54|0x0000000085c00000, 0x0000000085c00000, 0x0000000085d00000|  0%| F|  |TAMS 0x0000000085c00000, 0x0000000085c00000| Untracked 
|  55|0x0000000085d00000, 0x0000000085d00000, 0x0000000085e00000|  0%| F|  |TAMS 0x0000000085d00000, 0x0000000085d00000| Untracked 
|  56|0x0000000085e00000, 0x0000000085e00000, 0x0000000085f00000|  0%| F|  |TAMS 0x0000000085e00000, 0x0000000085e00000| Untracked 
|  57|0x0000000085f00000, 0x0000000085f00000, 0x0000000086000000|  0%| F|  |TAMS 0x0000000085f00000, 0x0000000085f00000| Untracked 
|  58|0x0000000086000000, 0x0000000086000000, 0x0000000086100000|  0%| F|  |TAMS 0x0000000086000000, 0x0000000086000000| Untracked 
|  59|0x0000000086100000, 0x0000000086100000, 0x0000000086200000|  0%| F|  |TAMS 0x0000000086100000, 0x0000000086100000| Untracked 
|  60|0x0000000086200000, 0x0000000086200000, 0x0000000086300000|  0%| F|  |TAMS 0x0000000086200000, 0x0000000086200000| Untracked 
|  61|0x0000000086300000, 0x0000000086300000, 0x0000000086400000|  0%| F|  |TAMS 0x0000000086300000, 0x0000000086300000| Untracked 
|  62|0x0000000086400000, 0x0000000086400000, 0x0000000086500000|  0%| F|  |TAMS 0x0000000086400000, 0x0000000086400000| Untracked 
|  63|0x0000000086500000, 0x0000000086500000, 0x0000000086600000|  0%| F|  |TAMS 0x0000000086500000, 0x0000000086500000| Untracked 
|  64|0x0000000086600000, 0x0000000086600000, 0x0000000086700000|  0%| F|  |TAMS 0x0000000086600000, 0x0000000086600000| Untracked 
|  65|0x0000000086700000, 0x0000000086700000, 0x0000000086800000|  0%| F|  |TAMS 0x0000000086700000, 0x0000000086700000| Untracked 
|  66|0x0000000086800000, 0x0000000086800000, 0x0000000086900000|  0%| F|  |TAMS 0x0000000086800000, 0x0000000086800000| Untracked 
|  67|0x0000000086900000, 0x0000000086900000, 0x0000000086a00000|  0%| F|  |TAMS 0x0000000086900000, 0x0000000086900000| Untracked 
|  68|0x0000000086a00000, 0x0000000086a00000, 0x0000000086b00000|  0%| F|  |TAMS 0x0000000086a00000, 0x0000000086a00000| Untracked 
|  69|0x0000000086b00000, 0x0000000086b00000, 0x0000000086c00000|  0%| F|  |TAMS 0x0000000086b00000, 0x0000000086b00000| Untracked 
|  70|0x0000000086c00000, 0x0000000086c00000, 0x0000000086d00000|  0%| F|  |TAMS 0x0000000086c00000, 0x0000000086c00000| Untracked 
|  71|0x0000000086d00000, 0x0000000086d00000, 0x0000000086e00000|  0%| F|  |TAMS 0x0000000086d00000, 0x0000000086d00000| Untracked 
|  72|0x0000000086e00000, 0x0000000086e00000, 0x0000000086f00000|  0%| F|  |TAMS 0x0000000086e00000, 0x0000000086e00000| Untracked 
|  73|0x0000000086f00000, 0x0000000086f00000, 0x0000000087000000|  0%| F|  |TAMS 0x0000000086f00000, 0x0000000086f00000| Untracked 
|  74|0x0000000087000000, 0x0000000087000000, 0x0000000087100000|  0%| F|  |TAMS 0x0000000087000000, 0x0000000087000000| Untracked 
|  75|0x0000000087100000, 0x0000000087100000, 0x0000000087200000|  0%| F|  |TAMS 0x0000000087100000, 0x0000000087100000| Untracked 
|  76|0x0000000087200000, 0x0000000087200000, 0x0000000087300000|  0%| F|  |TAMS 0x0000000087200000, 0x0000000087200000| Untracked 
|  77|0x0000000087300000, 0x0000000087300000, 0x0000000087400000|  0%| F|  |TAMS 0x0000000087300000, 0x0000000087300000| Untracked 
|  78|0x0000000087400000, 0x0000000087400000, 0x0000000087500000|  0%| F|  |TAMS 0x0000000087400000, 0x0000000087400000| Untracked 
|  79|0x0000000087500000, 0x0000000087500000, 0x0000000087600000|  0%| F|  |TAMS 0x0000000087500000, 0x0000000087500000| Untracked 
|  80|0x0000000087600000, 0x0000000087600000, 0x0000000087700000|  0%| F|  |TAMS 0x0000000087600000, 0x0000000087600000| Untracked 
|  81|0x0000000087700000, 0x0000000087700000, 0x0000000087800000|  0%| F|  |TAMS 0x0000000087700000, 0x0000000087700000| Untracked 
|  82|0x0000000087800000, 0x0000000087800000, 0x0000000087900000|  0%| F|  |TAMS 0x0000000087800000, 0x0000000087800000| Untracked 
|  83|0x0000000087900000, 0x0000000087900000, 0x0000000087a00000|  0%| F|  |TAMS 0x0000000087900000, 0x0000000087900000| Untracked 
|  84|0x0000000087a00000, 0x0000000087a00000, 0x0000000087b00000|  0%| F|  |TAMS 0x0000000087a00000, 0x0000000087a00000| Untracked 
|  85|0x0000000087b00000, 0x0000000087b00000, 0x0000000087c00000|  0%| F|  |TAMS 0x0000000087b00000, 0x0000000087b00000| Untracked 
|  86|0x0000000087c00000, 0x0000000087c00000, 0x0000000087d00000|  0%| F|  |TAMS 0x0000000087c00000, 0x0000000087c00000| Untracked 
|  87|0x0000000087d00000, 0x0000000087d00000, 0x0000000087e00000|  0%| F|  |TAMS 0x0000000087d00000, 0x0000000087d00000| Untracked 
|  88|0x0000000087e00000, 0x0000000087e00000, 0x0000000087f00000|  0%| F|  |TAMS 0x0000000087e00000, 0x0000000087e00000| Untracked 
|  89|0x0000000087f00000, 0x0000000087f00000, 0x0000000088000000|  0%| F|  |TAMS 0x0000000087f00000, 0x0000000087f00000| Untracked 
|  90|0x0000000088000000, 0x0000000088000000, 0x0000000088100000|  0%| F|  |TAMS 0x0000000088000000, 0x0000000088000000| Untracked 
|  91|0x0000000088100000, 0x0000000088100000, 0x0000000088200000|  0%| F|  |TAMS 0x0000000088100000, 0x0000000088100000| Untracked 
|  92|0x0000000088200000, 0x0000000088200000, 0x0000000088300000|  0%| F|  |TAMS 0x0000000088200000, 0x0000000088200000| Untracked 
|  93|0x0000000088300000, 0x0000000088300000, 0x0000000088400000|  0%| F|  |TAMS 0x0000000088300000, 0x0000000088300000| Untracked 
|  94|0x0000000088400000, 0x0000000088400000, 0x0000000088500000|  0%| F|  |TAMS 0x0000000088400000, 0x0000000088400000| Untracked 
|  95|0x0000000088500000, 0x0000000088500000, 0x0000000088600000|  0%| F|  |TAMS 0x0000000088500000, 0x0000000088500000| Untracked 
|  96|0x0000000088600000, 0x0000000088600000, 0x0000000088700000|  0%| F|  |TAMS 0x0000000088600000, 0x0000000088600000| Untracked 
|  97|0x0000000088700000, 0x0000000088773c18, 0x0000000088800000| 45%| S|CS|TAMS 0x0000000088700000, 0x0000000088700000| Complete 
|  98|0x0000000088800000, 0x0000000088900000, 0x0000000088900000|100%| S|CS|TAMS 0x0000000088800000, 0x0000000088800000| Complete 
|  99|0x0000000088900000, 0x0000000088a00000, 0x0000000088a00000|100%| S|CS|TAMS 0x0000000088900000, 0x0000000088900000| Complete 
| 100|0x0000000088a00000, 0x0000000088b00000, 0x0000000088b00000|100%| S|CS|TAMS 0x0000000088a00000, 0x0000000088a00000| Complete 
| 101|0x0000000088b00000, 0x0000000088c00000, 0x0000000088c00000|100%| S|CS|TAMS 0x0000000088b00000, 0x0000000088b00000| Complete 
| 102|0x0000000088c00000, 0x0000000088d00000, 0x0000000088d00000|100%| S|CS|TAMS 0x0000000088c00000, 0x0000000088c00000| Complete 
| 103|0x0000000088d00000, 0x0000000088e00000, 0x0000000088e00000|100%| S|CS|TAMS 0x0000000088d00000, 0x0000000088d00000| Complete 
| 104|0x0000000088e00000, 0x0000000088f00000, 0x0000000088f00000|100%| S|CS|TAMS 0x0000000088e00000, 0x0000000088e00000| Complete 
| 105|0x0000000088f00000, 0x0000000088f00000, 0x0000000089000000|  0%| F|  |TAMS 0x0000000088f00000, 0x0000000088f00000| Untracked 
| 106|0x0000000089000000, 0x0000000089000000, 0x0000000089100000|  0%| F|  |TAMS 0x0000000089000000, 0x0000000089000000| Untracked 
| 107|0x0000000089100000, 0x0000000089100000, 0x0000000089200000|  0%| F|  |TAMS 0x0000000089100000, 0x0000000089100000| Untracked 
| 108|0x0000000089200000, 0x0000000089200000, 0x0000000089300000|  0%| F|  |TAMS 0x0000000089200000, 0x0000000089200000| Untracked 
| 109|0x0000000089300000, 0x0000000089300000, 0x0000000089400000|  0%| F|  |TAMS 0x0000000089300000, 0x0000000089300000| Untracked 
| 110|0x0000000089400000, 0x0000000089400000, 0x0000000089500000|  0%| F|  |TAMS 0x0000000089400000, 0x0000000089400000| Untracked 
| 111|0x0000000089500000, 0x0000000089500000, 0x0000000089600000|  0%| F|  |TAMS 0x0000000089500000, 0x0000000089500000| Untracked 
| 112|0x0000000089600000, 0x0000000089600000, 0x0000000089700000|  0%| F|  |TAMS 0x0000000089600000, 0x0000000089600000| Untracked 
| 113|0x0000000089700000, 0x0000000089700000, 0x0000000089800000|  0%| F|  |TAMS 0x0000000089700000, 0x0000000089700000| Untracked 
| 114|0x0000000089800000, 0x0000000089800000, 0x0000000089900000|  0%| F|  |TAMS 0x0000000089800000, 0x0000000089800000| Untracked 
| 115|0x0000000089900000, 0x0000000089900000, 0x0000000089a00000|  0%| F|  |TAMS 0x0000000089900000, 0x0000000089900000| Untracked 
| 116|0x0000000089a00000, 0x0000000089a00000, 0x0000000089b00000|  0%| F|  |TAMS 0x0000000089a00000, 0x0000000089a00000| Untracked 
| 117|0x0000000089b00000, 0x0000000089b00000, 0x0000000089c00000|  0%| F|  |TAMS 0x0000000089b00000, 0x0000000089b00000| Untracked 
| 118|0x0000000089c00000, 0x0000000089c00000, 0x0000000089d00000|  0%| F|  |TAMS 0x0000000089c00000, 0x0000000089c00000| Untracked 
| 119|0x0000000089d00000, 0x0000000089d00000, 0x0000000089e00000|  0%| F|  |TAMS 0x0000000089d00000, 0x0000000089d00000| Untracked 
| 120|0x0000000089e00000, 0x0000000089e00000, 0x0000000089f00000|  0%| F|  |TAMS 0x0000000089e00000, 0x0000000089e00000| Untracked 
| 121|0x0000000089f00000, 0x0000000089f00000, 0x000000008a000000|  0%| F|  |TAMS 0x0000000089f00000, 0x0000000089f00000| Untracked 
| 122|0x000000008a000000, 0x000000008a000000, 0x000000008a100000|  0%| F|  |TAMS 0x000000008a000000, 0x000000008a000000| Untracked 
| 123|0x000000008a100000, 0x000000008a100000, 0x000000008a200000|  0%| F|  |TAMS 0x000000008a100000, 0x000000008a100000| Untracked 
| 124|0x000000008a200000, 0x000000008a200000, 0x000000008a300000|  0%| F|  |TAMS 0x000000008a200000, 0x000000008a200000| Untracked 
| 125|0x000000008a300000, 0x000000008a300000, 0x000000008a400000|  0%| F|  |TAMS 0x000000008a300000, 0x000000008a300000| Untracked 
| 126|0x000000008a400000, 0x000000008a400000, 0x000000008a500000|  0%| F|  |TAMS 0x000000008a400000, 0x000000008a400000| Untracked 
| 127|0x000000008a500000, 0x000000008a500000, 0x000000008a600000|  0%| F|  |TAMS 0x000000008a500000, 0x000000008a500000| Untracked 
| 128|0x000000008a600000, 0x000000008a600000, 0x000000008a700000|  0%| F|  |TAMS 0x000000008a600000, 0x000000008a600000| Untracked 
| 129|0x000000008a700000, 0x000000008a700000, 0x000000008a800000|  0%| F|  |TAMS 0x000000008a700000, 0x000000008a700000| Untracked 
| 130|0x000000008a800000, 0x000000008a800000, 0x000000008a900000|  0%| F|  |TAMS 0x000000008a800000, 0x000000008a800000| Untracked 
| 131|0x000000008a900000, 0x000000008a900000, 0x000000008aa00000|  0%| F|  |TAMS 0x000000008a900000, 0x000000008a900000| Untracked 
| 132|0x000000008aa00000, 0x000000008aa00000, 0x000000008ab00000|  0%| F|  |TAMS 0x000000008aa00000, 0x000000008aa00000| Untracked 
| 133|0x000000008ab00000, 0x000000008ab00000, 0x000000008ac00000|  0%| F|  |TAMS 0x000000008ab00000, 0x000000008ab00000| Untracked 
| 134|0x000000008ac00000, 0x000000008ac00000, 0x000000008ad00000|  0%| F|  |TAMS 0x000000008ac00000, 0x000000008ac00000| Untracked 
| 135|0x000000008ad00000, 0x000000008ad00000, 0x000000008ae00000|  0%| F|  |TAMS 0x000000008ad00000, 0x000000008ad00000| Untracked 
| 136|0x000000008ae00000, 0x000000008ae00000, 0x000000008af00000|  0%| F|  |TAMS 0x000000008ae00000, 0x000000008ae00000| Untracked 
| 137|0x000000008af00000, 0x000000008af00000, 0x000000008b000000|  0%| F|  |TAMS 0x000000008af00000, 0x000000008af00000| Untracked 
| 138|0x000000008b000000, 0x000000008b000000, 0x000000008b100000|  0%| F|  |TAMS 0x000000008b000000, 0x000000008b000000| Untracked 
| 139|0x000000008b100000, 0x000000008b100000, 0x000000008b200000|  0%| F|  |TAMS 0x000000008b100000, 0x000000008b100000| Untracked 
| 140|0x000000008b200000, 0x000000008b200000, 0x000000008b300000|  0%| F|  |TAMS 0x000000008b200000, 0x000000008b200000| Untracked 
| 141|0x000000008b300000, 0x000000008b300000, 0x000000008b400000|  0%| F|  |TAMS 0x000000008b300000, 0x000000008b300000| Untracked 
| 142|0x000000008b400000, 0x000000008b400000, 0x000000008b500000|  0%| F|  |TAMS 0x000000008b400000, 0x000000008b400000| Untracked 
| 143|0x000000008b500000, 0x000000008b600000, 0x000000008b600000|100%| E|  |TAMS 0x000000008b500000, 0x000000008b500000| Complete 
| 144|0x000000008b600000, 0x000000008b700000, 0x000000008b700000|100%| E|CS|TAMS 0x000000008b600000, 0x000000008b600000| Complete 
| 145|0x000000008b700000, 0x000000008b800000, 0x000000008b800000|100%| E|CS|TAMS 0x000000008b700000, 0x000000008b700000| Complete 
| 146|0x000000008b800000, 0x000000008b900000, 0x000000008b900000|100%| E|CS|TAMS 0x000000008b800000, 0x000000008b800000| Complete 
| 147|0x000000008b900000, 0x000000008ba00000, 0x000000008ba00000|100%| E|CS|TAMS 0x000000008b900000, 0x000000008b900000| Complete 
| 148|0x000000008ba00000, 0x000000008bb00000, 0x000000008bb00000|100%| E|CS|TAMS 0x000000008ba00000, 0x000000008ba00000| Complete 
| 149|0x000000008bb00000, 0x000000008bc00000, 0x000000008bc00000|100%| E|CS|TAMS 0x000000008bb00000, 0x000000008bb00000| Complete 
| 150|0x000000008bc00000, 0x000000008bd00000, 0x000000008bd00000|100%| E|CS|TAMS 0x000000008bc00000, 0x000000008bc00000| Complete 
| 151|0x000000008bd00000, 0x000000008be00000, 0x000000008be00000|100%| E|CS|TAMS 0x000000008bd00000, 0x000000008bd00000| Complete 

Card table byte_map: [0x000001e7bc190000,0x000001e7bc580000] _byte_map_base: 0x000001e7bbd7d000

Marking Bits (Prev, Next): (CMBitMap*) 0x000001e7a8fbdea0, (CMBitMap*) 0x000001e7a8fbde68
 Prev Bits: [0x000001e7be8e0000, 0x000001e7c0848000)
 Next Bits: [0x000001e7bc970000, 0x000001e7be8d8000)

Polling page: 0x000001e7a8760000

Metaspace:

Usage:
  Non-class:     52.62 MB capacity,    52.17 MB (>99%) used,   358.69 KB ( <1%) free+waste,    99.50 KB ( <1%) overhead. 
      Class:      7.13 MB capacity,     6.84 MB ( 96%) used,   259.88 KB (  4%) free+waste,    44.19 KB ( <1%) overhead. 
       Both:     59.76 MB capacity,    59.01 MB ( 99%) used,   618.56 KB (  1%) free+waste,   143.69 KB ( <1%) overhead. 

Virtual space:
  Non-class space:       54.00 MB reserved,      52.70 MB ( 98%) committed 
      Class space:        1.00 GB reserved,       7.20 MB ( <1%) committed 
             Both:        1.05 GB reserved,      59.90 MB (  6%) committed 

Chunk freelists:
   Non-Class:  19.00 KB
       Class:  22.00 KB
        Both:  41.00 KB

MaxMetaspaceSize: 17179869184.00 GB
CompressedClassSpaceSize: 1.00 GB

CodeHeap 'non-profiled nmethods': size=120000Kb used=3132Kb max_used=3132Kb free=116867Kb
 bounds [0x000001e7b4540000, 0x000001e7b4850000, 0x000001e7bba70000]
CodeHeap 'profiled nmethods': size=120000Kb used=16628Kb max_used=16628Kb free=103371Kb
 bounds [0x000001e7ad010000, 0x000001e7ae050000, 0x000001e7b4540000]
CodeHeap 'non-nmethods': size=5760Kb used=1216Kb max_used=1259Kb free=4543Kb
 bounds [0x000001e7aca70000, 0x000001e7acce0000, 0x000001e7ad010000]
 total_blobs=7316 nmethods=6743 adapters=483
 compilation: enabled
              stopped_count=0, restarted_count=0
 full_count=0

Compilation events (20 events):
Event: 10.614 Thread 0x000001e7c3cb1000 nmethod 6843 0x000001e7ae02c890 code [0x000001e7ae02ca40, 0x000001e7ae02cc08]
Event: 10.614 Thread 0x000001e7c3cb1000 6845       3       org.jetbrains.kotlin.resolve.scopes.ImportingScope$Empty::definitelyDoesNotContainName (8 bytes)
Event: 10.614 Thread 0x000001e7c3cb1000 nmethod 6845 0x000001e7ae02cd10 code [0x000001e7ae02cf40, 0x000001e7ae02d4b8]
Event: 10.614 Thread 0x000001e7c3cb1000 6847       3       org.jetbrains.kotlin.com.intellij.extapi.psi.StubBasedPsiElementBase::getParentByStub (29 bytes)
Event: 10.615 Thread 0x000001e7c3cb1000 nmethod 6847 0x000001e7ae02d710 code [0x000001e7ae02d980, 0x000001e7ae02e458]
Event: 10.615 Thread 0x000001e7c3cb1000 6846       1       org.jetbrains.kotlin.resolve.calls.tower.MemberScopeTowerLevel::getDispatchReceiver (5 bytes)
Event: 10.615 Thread 0x000001e7c3cb1000 nmethod 6846 0x000001e7b484b090 code [0x000001e7b484b240, 0x000001e7b484b2f8]
Event: 10.615 Thread 0x000001e7c3cb1000 6848       1       org.jetbrains.kotlin.resolve.calls.smartcasts.IdentifierInfo$Variable::getKind (5 bytes)
Event: 10.615 Thread 0x000001e7c3cb1000 nmethod 6848 0x000001e7b484b390 code [0x000001e7b484b540, 0x000001e7b484b5f8]
Event: 10.615 Thread 0x000001e7c3cb1000 6849       3       org.jetbrains.kotlin.com.intellij.extapi.psi.ASTDelegatePsiElement::findChildrenByType (68 bytes)
Event: 10.615 Thread 0x000001e7c3cb1000 nmethod 6849 0x000001e7ae02e790 code [0x000001e7ae02e9e0, 0x000001e7ae02f428]
Event: 10.615 Thread 0x000001e7c3cb1000 6852       3       org.jetbrains.kotlin.resolve.calls.tower.TowerResolver$Task$localLevels$2$1::invoke (12 bytes)
Event: 10.615 Thread 0x000001e7c3cb1000 nmethod 6852 0x000001e7ae02f790 code [0x000001e7ae02f960, 0x000001e7ae02fc68]
Event: 10.615 Thread 0x000001e7c3cb1000 6853       3       org.jetbrains.kotlin.resolve.calls.tower.TowerResolver$Task$localLevels$2$1::invoke (45 bytes)
Event: 10.634 Thread 0x000001e7c3cb1000 nmethod 6853 0x000001e7ae02fd90 code [0x000001e7ae030020, 0x000001e7ae030b48]
Event: 10.634 Thread 0x000001e7c3cb1000 6850       3       org.jetbrains.kotlin.types.expressions.ExpressionTypingContext::create (28 bytes)
Event: 10.635 Thread 0x000001e7c3cb1000 nmethod 6850 0x000001e7ae030f10 code [0x000001e7ae0310c0, 0x000001e7ae031288]
Event: 10.635 Thread 0x000001e7c3cb1000 6855       3       kotlin.collections.builders.MapBuilder::<init> (7 bytes)
Event: 10.635 Thread 0x000001e7c3cb1000 nmethod 6855 0x000001e7ae031390 code [0x000001e7ae0315a0, 0x000001e7ae031aa8]
Event: 10.635 Thread 0x000001e7c3cb1000 6851       3       org.jetbrains.kotlin.types.expressions.ExpressionTypingContext::create (156 bytes)

GC Heap History (18 events):
Event: 1.043 GC heap before
{Heap before GC invocations=0 (full 0):
 garbage-first heap   total 129024K, used 27648K [0x0000000082600000, 0x0000000100000000)
  region size 1024K, 24 young (24576K), 0 survivors (0K)
 Metaspace       used 12302K, capacity 12405K, committed 12544K, reserved 1060864K
  class space    used 1154K, capacity 1174K, committed 1280K, reserved 1048576K
}
Event: 1.046 GC heap after
{Heap after GC invocations=1 (full 0):
 garbage-first heap   total 129024K, used 5895K [0x0000000082600000, 0x0000000100000000)
  region size 1024K, 3 young (3072K), 3 survivors (3072K)
 Metaspace       used 12302K, capacity 12405K, committed 12544K, reserved 1060864K
  class space    used 1154K, capacity 1174K, committed 1280K, reserved 1048576K
}
Event: 1.737 GC heap before
{Heap before GC invocations=1 (full 0):
 garbage-first heap   total 129024K, used 42759K [0x0000000082600000, 0x0000000100000000)
  region size 1024K, 40 young (40960K), 3 survivors (3072K)
 Metaspace       used 20986K, capacity 21203K, committed 21248K, reserved 1069056K
  class space    used 2215K, capacity 2299K, committed 2304K, reserved 1048576K
}
Event: 1.746 GC heap after
{Heap after GC invocations=2 (full 0):
 garbage-first heap   total 129024K, used 9503K [0x0000000082600000, 0x0000000100000000)
  region size 1024K, 7 young (7168K), 7 survivors (7168K)
 Metaspace       used 20986K, capacity 21203K, committed 21248K, reserved 1069056K
  class space    used 2215K, capacity 2299K, committed 2304K, reserved 1048576K
}
Event: 3.301 GC heap before
{Heap before GC invocations=3 (full 0):
 garbage-first heap   total 129024K, used 70943K [0x0000000082600000, 0x0000000100000000)
  region size 1024K, 57 young (58368K), 7 survivors (7168K)
 Metaspace       used 30556K, capacity 30999K, committed 31228K, reserved 1077248K
  class space    used 3589K, capacity 3744K, committed 3840K, reserved 1048576K
}
Event: 3.318 GC heap after
{Heap after GC invocations=4 (full 0):
 garbage-first heap   total 129024K, used 22388K [0x0000000082600000, 0x0000000100000000)
  region size 1024K, 8 young (8192K), 8 survivors (8192K)
 Metaspace       used 30556K, capacity 30999K, committed 31228K, reserved 1077248K
  class space    used 3589K, capacity 3744K, committed 3840K, reserved 1048576K
}
Event: 3.387 GC heap before
{Heap before GC invocations=4 (full 0):
 garbage-first heap   total 129024K, used 26484K [0x0000000082600000, 0x0000000100000000)
  region size 1024K, 10 young (10240K), 8 survivors (8192K)
 Metaspace       used 30795K, capacity 31288K, committed 31484K, reserved 1077248K
  class space    used 3621K, capacity 3776K, committed 3840K, reserved 1048576K
}
Event: 3.417 GC heap after
{Heap after GC invocations=5 (full 0):
 garbage-first heap   total 129024K, used 26560K [0x0000000082600000, 0x0000000100000000)
  region size 1024K, 2 young (2048K), 2 survivors (2048K)
 Metaspace       used 30795K, capacity 31288K, committed 31484K, reserved 1077248K
  class space    used 3621K, capacity 3776K, committed 3840K, reserved 1048576K
}
Event: 4.121 GC heap before
{Heap before GC invocations=5 (full 0):
 garbage-first heap   total 129024K, used 50112K [0x0000000082600000, 0x0000000100000000)
  region size 1024K, 26 young (26624K), 2 survivors (2048K)
 Metaspace       used 35507K, capacity 35953K, committed 36048K, reserved 1081344K
  class space    used 4152K, capacity 4328K, committed 4352K, reserved 1048576K
}
Event: 4.127 GC heap after
{Heap after GC invocations=6 (full 0):
 garbage-first heap   total 129024K, used 24872K [0x0000000082600000, 0x0000000100000000)
  region size 1024K, 3 young (3072K), 3 survivors (3072K)
 Metaspace       used 35507K, capacity 35953K, committed 36048K, reserved 1081344K
  class space    used 4152K, capacity 4328K, committed 4352K, reserved 1048576K
}
Event: 5.274 GC heap before
{Heap before GC invocations=7 (full 0):
 garbage-first heap   total 129024K, used 69928K [0x0000000082600000, 0x0000000100000000)
  region size 1024K, 47 young (48128K), 3 survivors (3072K)
 Metaspace       used 45119K, capacity 45692K, committed 45980K, reserved 1089536K
  class space    used 5324K, capacity 5521K, committed 5580K, reserved 1048576K
}
Event: 5.284 GC heap after
{Heap after GC invocations=8 (full 0):
 garbage-first heap   total 129024K, used 28672K [0x0000000082600000, 0x0000000100000000)
  region size 1024K, 6 young (6144K), 6 survivors (6144K)
 Metaspace       used 45119K, capacity 45692K, committed 45980K, reserved 1089536K
  class space    used 5324K, capacity 5521K, committed 5580K, reserved 1048576K
}
Event: 6.993 GC heap before
{Heap before GC invocations=8 (full 0):
 garbage-first heap   total 129024K, used 79872K [0x0000000082600000, 0x0000000100000000)
  region size 1024K, 53 young (54272K), 6 survivors (6144K)
 Metaspace       used 50820K, capacity 51494K, committed 51740K, reserved 1095680K
  class space    used 5932K, capacity 6193K, committed 6220K, reserved 1048576K
}
Event: 7.050 GC heap after
{Heap after GC invocations=9 (full 0):
 garbage-first heap   total 155648K, used 35022K [0x0000000082600000, 0x0000000100000000)
  region size 1024K, 5 young (5120K), 5 survivors (5120K)
 Metaspace       used 50820K, capacity 51494K, committed 51740K, reserved 1095680K
  class space    used 5932K, capacity 6193K, committed 6220K, reserved 1048576K
}
Event: 9.219 GC heap before
{Heap before GC invocations=9 (full 0):
 garbage-first heap   total 155648K, used 92366K [0x0000000082600000, 0x0000000100000000)
  region size 1024K, 61 young (62464K), 5 survivors (5120K)
 Metaspace       used 56113K, capacity 56824K, committed 56988K, reserved 1099776K
  class space    used 6507K, capacity 6773K, committed 6860K, reserved 1048576K
}
Event: 9.235 GC heap after
{Heap after GC invocations=10 (full 0):
 garbage-first heap   total 155648K, used 44321K [0x0000000082600000, 0x0000000100000000)
  region size 1024K, 8 young (8192K), 8 survivors (8192K)
 Metaspace       used 56113K, capacity 56824K, committed 56988K, reserved 1099776K
  class space    used 6507K, capacity 6773K, committed 6860K, reserved 1048576K
}
Event: 10.306 GC heap before
{Heap before GC invocations=10 (full 0):
 garbage-first heap   total 155648K, used 91425K [0x0000000082600000, 0x0000000100000000)
  region size 1024K, 55 young (56320K), 8 survivors (8192K)
 Metaspace       used 59714K, capacity 60407K, committed 60572K, reserved 1101824K
  class space    used 6929K, capacity 7237K, committed 7372K, reserved 1048576K
}
Event: 10.339 GC heap after
{Heap after GC invocations=11 (full 0):
 garbage-first heap   total 155648K, used 52294K [0x0000000082600000, 0x0000000100000000)
  region size 1024K, 8 young (8192K), 8 survivors (8192K)
 Metaspace       used 59714K, capacity 60407K, committed 60572K, reserved 1101824K
  class space    used 6929K, capacity 7237K, committed 7372K, reserved 1048576K
}

Deoptimization events (20 events):
Event: 10.441 Thread 0x000001e7a8f7e800 DEOPT PACKING pc=0x000001e7b478b0e0 sp=0x000000ae982fb0d0
Event: 10.441 Thread 0x000001e7a8f7e800 DEOPT UNPACKING pc=0x000001e7aca978af sp=0x000000ae982fb048 mode 2
Event: 10.455 Thread 0x000001e7a8f7e800 Uncommon trap: trap_request=0xffffffde fr.pc=0x000001e7b481efcc relative=0x000000000000340c
Event: 10.455 Thread 0x000001e7a8f7e800 Uncommon trap: reason=class_check action=maybe_recompile pc=0x000001e7b481efcc method=org.jetbrains.org.objectweb.asm.ClassReader.readElementValue(Lorg/jetbrains/org/objectweb/asm/AnnotationVisitor;ILjava/lang/String;[C)I @ 556 c2
Event: 10.455 Thread 0x000001e7a8f7e800 DEOPT PACKING pc=0x000001e7b481efcc sp=0x000000ae982f8560
Event: 10.455 Thread 0x000001e7a8f7e800 DEOPT UNPACKING pc=0x000001e7aca978af sp=0x000000ae982f84e8 mode 2
Event: 10.456 Thread 0x000001e7a8f7e800 Uncommon trap: trap_request=0xffffffde fr.pc=0x000001e7b481e9d8 relative=0x0000000000002e18
Event: 10.456 Thread 0x000001e7a8f7e800 Uncommon trap: reason=class_check action=maybe_recompile pc=0x000001e7b481e9d8 method=org.jetbrains.org.objectweb.asm.ClassReader.readElementValue(Lorg/jetbrains/org/objectweb/asm/AnnotationVisitor;ILjava/lang/String;[C)I @ 536 c2
Event: 10.456 Thread 0x000001e7a8f7e800 DEOPT PACKING pc=0x000001e7b481e9d8 sp=0x000000ae982f84b0
Event: 10.456 Thread 0x000001e7a8f7e800 DEOPT UNPACKING pc=0x000001e7aca978af sp=0x000000ae982f8440 mode 2
Event: 10.456 Thread 0x000001e7a8f7e800 Uncommon trap: trap_request=0xffffffde fr.pc=0x000001e7b481efcc relative=0x000000000000340c
Event: 10.456 Thread 0x000001e7a8f7e800 Uncommon trap: reason=class_check action=maybe_recompile pc=0x000001e7b481efcc method=org.jetbrains.org.objectweb.asm.ClassReader.readElementValue(Lorg/jetbrains/org/objectweb/asm/AnnotationVisitor;ILjava/lang/String;[C)I @ 556 c2
Event: 10.456 Thread 0x000001e7a8f7e800 DEOPT PACKING pc=0x000001e7b481efcc sp=0x000000ae982f8560
Event: 10.456 Thread 0x000001e7a8f7e800 DEOPT UNPACKING pc=0x000001e7aca978af sp=0x000000ae982f84e8 mode 2
Event: 10.537 Thread 0x000001e7a8f7e800 DEOPT PACKING pc=0x000001e7ade5562b sp=0x000000ae982f7610
Event: 10.537 Thread 0x000001e7a8f7e800 DEOPT UNPACKING pc=0x000001e7aca976ce sp=0x000000ae982f6ab0 mode 0
Event: 10.572 Thread 0x000001e7a8f7e800 Uncommon trap: trap_request=0xffffff4d fr.pc=0x000001e7b482bebc relative=0x000000000000147c
Event: 10.572 Thread 0x000001e7a8f7e800 Uncommon trap: reason=unstable_if action=reinterpret pc=0x000001e7b482bebc method=org.jetbrains.kotlin.types.AbstractTypeConstructor.hashCode()I @ 21 c2
Event: 10.572 Thread 0x000001e7a8f7e800 DEOPT PACKING pc=0x000001e7b482bebc sp=0x000000ae982fa6f0
Event: 10.572 Thread 0x000001e7a8f7e800 DEOPT UNPACKING pc=0x000001e7aca978af sp=0x000000ae982fa698 mode 2

Classes redefined (0 events):
No events

Internal exceptions (20 events):
Event: 3.334 Thread 0x000001e7a8f7e800 Implicit null exception at 0x000001e7b45bb52f to 0x000001e7b45bb59d
Event: 3.950 Thread 0x000001e7a8f7e800 Exception <a 'java/lang/NoSuchMethodError'{0x00000000894b4348}: 'java.lang.Object java.lang.invoke.DirectMethodHandle$Holder.invokeVirtual(java.lang.Object, java.lang.Object, java.lang.Object)'> (0x00000000894b4348) thrown at [./src/hotspot/share/interpreter/linkResolver.cpp, line 773]
Event: 4.676 Thread 0x000001e7a8f7e800 Exception <a 'java/lang/NoSuchMethodError'{0x0000000087f2cf88}: 'java.lang.Object java.lang.invoke.Invokers$Holder.linkToTargetMethod(java.lang.Object, int, java.lang.Object)'> (0x0000000087f2cf88) thrown at [./src/hotspot/share/interpreter/linkResolver.cpp, line 773]
Event: 4.836 Thread 0x000001e7a8f7e800 Exception <a 'java/lang/NoSuchMethodError'{0x0000000087d15850}: 'java.lang.Object java.lang.invoke.DirectMethodHandle$Holder.invokeStatic(java.lang.Object, java.lang.Object, java.lang.Object, int)'> (0x0000000087d15850) thrown at [./src/hotspot/share/interpreter/linkResolver.cpp, line 773]
Event: 4.836 Thread 0x000001e7a8f7e800 Exception <a 'java/lang/NoSuchMethodError'{0x0000000087d194c0}: 'java.lang.Object java.lang.invoke.DirectMethodHandle$Holder.invokeSpecial(java.lang.Object, java.lang.Object, java.lang.Object, java.lang.Object, int)'> (0x0000000087d194c0) thrown at [./src/hotspot/share/interpreter/linkResolver.cpp, line 773]
Event: 4.837 Thread 0x000001e7a8f7e800 Exception <a 'java/lang/NoSuchMethodError'{0x0000000087d1c7d0}: 'java.lang.Object java.lang.invoke.Invokers$Holder.linkToTargetMethod(java.lang.Object, java.lang.Object, int, java.lang.Object)'> (0x0000000087d1c7d0) thrown at [./src/hotspot/share/interpreter/linkResolver.cpp, line 773]
Event: 8.042 Thread 0x000001e7a8f7e800 Exception <a 'java/lang/NoSuchMethodError'{0x000000008a786b48}: 'java.lang.Object java.lang.invoke.DirectMethodHandle$Holder.invokeSpecial(java.lang.Object, java.lang.Object, java.lang.Object, java.lang.Object, java.lang.Object, int)'> (0x000000008a786b48) thrown at [./src/hotspot/share/interpreter/linkResolver.cpp, line 773]
Event: 8.042 Thread 0x000001e7a8f7e800 Exception <a 'java/lang/NoSuchMethodError'{0x000000008a78a440}: 'java.lang.Object java.lang.invoke.Invokers$Holder.linkToTargetMethod(java.lang.Object, java.lang.Object, java.lang.Object, int, java.lang.Object)'> (0x000000008a78a440) thrown at [./src/hotspot/share/interpreter/linkResolver.cpp, line 773]
Event: 8.233 Thread 0x000001e7a8f7e800 Implicit null exception at 0x000001e7b47204af to 0x000001e7b47204dc
Event: 8.277 Thread 0x000001e7a8f7e800 Exception <a 'java/lang/NoSuchMethodError'{0x000000008a3783a8}: 'java.lang.Object java.lang.invoke.DirectMethodHandle$Holder.invokeStaticInit(java.lang.Object, java.lang.Object, java.lang.Object)'> (0x000000008a3783a8) thrown at [./src/hotspot/share/interpreter/linkResolver.cpp, line 773]
Event: 8.742 Thread 0x000001e7a8f7e800 Exception <a 'java/lang/NoSuchMethodError'{0x0000000089825198}: 'java.lang.Object java.lang.invoke.Invokers$Holder.linkToTargetMethod(java.lang.Object, java.lang.Object, java.lang.Object, java.lang.Object, java.lang.Object, java.lang.Object)'> (0x0000000089825198) thrown at [./src/hotspot/share/interpreter/linkResolver.cpp, line 773]
Event: 8.961 Thread 0x000001e7a8f7e800 Exception <a 'java/lang/NoSuchMethodError'{0x0000000088be2540}: 'int java.lang.invoke.DirectMethodHandle$Holder.invokeInterface(java.lang.Object, java.lang.Object)'> (0x0000000088be2540) thrown at [./src/hotspot/share/interpreter/linkResolver.cpp, line 773]
Event: 9.021 Thread 0x000001e7a8f7e800 Exception <a 'java/lang/NoSuchMethodError'{0x0000000088a19878}: 'java.lang.Object java.lang.invoke.DirectMethodHandle$Holder.invokeStatic(java.lang.Object, int, java.lang.Object, java.lang.Object)'> (0x0000000088a19878) thrown at [./src/hotspot/share/interpreter/linkResolver.cpp, line 773]
Event: 9.588 Thread 0x000001e7a8f7e800 Exception <a 'java/lang/NoSuchMethodError'{0x000000008a084e88}: 'int java.lang.invoke.DirectMethodHandle$Holder.invokeStaticInit(java.lang.Object, int)'> (0x000000008a084e88) thrown at [./src/hotspot/share/interpreter/linkResolver.cpp, line 773]
Event: 9.612 Thread 0x000001e7a8f7e800 Exception <a 'java/lang/NoSuchMethodError'{0x0000000089e21200}: 'java.lang.Object java.lang.invoke.Invokers$Holder.linkToTargetMethod(java.lang.Object, java.lang.Object, java.lang.Object, int, int, java.lang.Object)'> (0x0000000089e21200) thrown at [./src/hotspot/share/interpreter/linkResolver.cpp, line 773]
Event: 9.664 Thread 0x000001e7a8f7e800 Exception <a 'java/lang/NoSuchMethodError'{0x0000000089c14838}: 'int java.lang.invoke.DirectMethodHandle$Holder.invokeVirtual(java.lang.Object, java.lang.Object, java.lang.Object)'> (0x0000000089c14838) thrown at [./src/hotspot/share/interpreter/linkResolver.cpp, line 773]
Event: 9.721 Thread 0x000001e7a8f7e800 Implicit null exception at 0x000001e7b4678dcc to 0x000001e7b4678ea8
Event: 10.200 Thread 0x000001e7a8f7e800 Exception <a 'java/lang/NoSuchMethodError'{0x000000008916c9e0}: 'java.lang.Object java.lang.invoke.DirectMethodHandle$Holder.invokeInterface(java.lang.Object, java.lang.Object, java.lang.Object)'> (0x000000008916c9e0) thrown at [./src/hotspot/share/interpreter/linkResolver.cpp, line 773]
Event: 10.201 Thread 0x000001e7a8f7e800 Exception <a 'java/lang/IncompatibleClassChangeError'{0x000000008916feb8}: Found class java.lang.Object, but interface was expected> (0x000000008916feb8) thrown at [./src/hotspot/share/interpreter/linkResolver.cpp, line 839]
Event: 10.212 Thread 0x000001e7a8f7e800 Exception <a 'java/lang/NoSuchMethodError'{0x00000000891f1f10}: 'java.lang.Object java.lang.invoke.Invokers$Holder.linkToTargetMethod(java.lang.Object, java.lang.Object, java.lang.Object, java.lang.Object, java.lang.Object, java.lang.Object, java.lang.Object)'> (0x00000000891f1f10) thrown at [./src/hotspot/share/interpreter/linkResolver.cpp, line 773]

Events (20 events):
Event: 10.569 Executing VM operation: Deoptimize
Event: 10.570 Executing VM operation: Deoptimize done
Event: 10.570 loading class org/jetbrains/kotlin/types/expressions/LocalClassDescriptorHolder$getClassDescriptor$2$declarationProviderFactory$1
Event: 10.570 loading class org/jetbrains/kotlin/types/expressions/LocalClassDescriptorHolder$getClassDescriptor$2$declarationProviderFactory$1 done
Event: 10.570 loading class org/jetbrains/kotlin/types/SimpleType
Event: 10.570 loading class org/jetbrains/kotlin/types/SimpleType done
Event: 10.570 loading class org/jetbrains/kotlin/types/KotlinType
Event: 10.570 loading class org/jetbrains/kotlin/types/KotlinType done
Event: 10.570 loading class org/jetbrains/kotlin/descriptors/ClassDescriptor
Event: 10.570 loading class org/jetbrains/kotlin/descriptors/ClassDescriptor done
Event: 10.580 loading class org/jetbrains/kotlin/resolve/calls/DslMarkerUtils
Event: 10.580 loading class org/jetbrains/kotlin/resolve/calls/DslMarkerUtils done
Event: 10.604 loading class org/jetbrains/kotlin/resolve/calls/DslMarkerUtilsKt
Event: 10.604 loading class org/jetbrains/kotlin/resolve/calls/DslMarkerUtilsKt done
Event: 10.604 loading class org/jetbrains/kotlin/resolve/descriptorUtil/DescriptorUtilsKt$getAllSuperClassifiers$doGetAllSuperClassesAndInterfaces$1
Event: 10.604 loading class org/jetbrains/kotlin/resolve/descriptorUtil/DescriptorUtilsKt$getAllSuperClassifiers$doGetAllSuperClassesAndInterfaces$1 done
Event: 10.604 loading class org/jetbrains/kotlin/resolve/calls/DslMarkerUtils$DslMarkersFromReceiver
Event: 10.604 loading class org/jetbrains/kotlin/resolve/calls/DslMarkerUtils$DslMarkersFromReceiver done
Event: 10.636 loading class org/jetbrains/kotlin/resolve/calls/components/CollectionTypeVariableUsagesInfo$getDependentTypeParameters$dependentTypeParameters$1$1$suitableUpperBound$1$1$1
Event: 10.636 loading class org/jetbrains/kotlin/resolve/calls/components/CollectionTypeVariableUsagesInfo$getDependentTypeParameters$dependentTypeParameters$1$1$suitableUpperBound$1$1$1 done


Dynamic libraries:
0x00007ff737210000 - 0x00007ff73721a000 	C:\Program Files\Android\Android Studio\jre\bin\java.exe
0x00007ffcbf3e0000 - 0x00007ffcbf5e7000 	C:\WINDOWS\SYSTEM32\ntdll.dll
0x00007ffcbebc0000 - 0x00007ffcbec7d000 	C:\WINDOWS\System32\KERNEL32.DLL
0x00007ffcbcc80000 - 0x00007ffcbcff4000 	C:\WINDOWS\System32\KERNELBASE.dll
0x00007ffcbd0c0000 - 0x00007ffcbd1d1000 	C:\WINDOWS\System32\ucrtbase.dll
0x00007ffca1100000 - 0x00007ffca1119000 	C:\Program Files\Android\Android Studio\jre\bin\jli.dll
0x00007ffca0700000 - 0x00007ffca0717000 	C:\Program Files\Android\Android Studio\jre\bin\VCRUNTIME140.dll
0x00007ffcbdf10000 - 0x00007ffcbe0bc000 	C:\WINDOWS\System32\USER32.dll
0x00007ffcbca60000 - 0x00007ffcbca86000 	C:\WINDOWS\System32\win32u.dll
0x00007ffcbba00000 - 0x00007ffcbbca5000 	C:\WINDOWS\WinSxS\amd64_microsoft.windows.common-controls_6595b64144ccf1df_6.0.22000.120_none_9d947278b86cc467\COMCTL32.dll
0x00007ffcbeb60000 - 0x00007ffcbeb89000 	C:\WINDOWS\System32\GDI32.dll
0x00007ffcbddc0000 - 0x00007ffcbde63000 	C:\WINDOWS\System32\msvcrt.dll
0x00007ffcbc940000 - 0x00007ffcbca52000 	C:\WINDOWS\System32\gdi32full.dll
0x00007ffcbc8a0000 - 0x00007ffcbc93d000 	C:\WINDOWS\System32\msvcp_win.dll
0x00007ffcbeb20000 - 0x00007ffcbeb51000 	C:\WINDOWS\System32\IMM32.DLL
0x00007ffc9e380000 - 0x00007ffc9e41d000 	C:\Program Files\Android\Android Studio\jre\bin\msvcp140.dll
0x00007ffc68760000 - 0x00007ffc6922f000 	C:\Program Files\Android\Android Studio\jre\bin\server\jvm.dll
0x00007ffcbe240000 - 0x00007ffcbe2ee000 	C:\WINDOWS\System32\ADVAPI32.dll
0x00007ffcbde70000 - 0x00007ffcbdf0e000 	C:\WINDOWS\System32\sechost.dll
0x00007ffcbece0000 - 0x00007ffcbee00000 	C:\WINDOWS\System32\RPCRT4.dll
0x00007ffcbee00000 - 0x00007ffcbee08000 	C:\WINDOWS\System32\PSAPI.DLL
0x00007ffcb4ae0000 - 0x00007ffcb4b13000 	C:\WINDOWS\SYSTEM32\WINMM.dll
0x00007ffcb8ff0000 - 0x00007ffcb8ff9000 	C:\WINDOWS\SYSTEM32\WSOCK32.dll
0x00007ffcb58b0000 - 0x00007ffcb58ba000 	C:\WINDOWS\SYSTEM32\VERSION.dll
0x00007ffcbd3d0000 - 0x00007ffcbd43f000 	C:\WINDOWS\System32\WS2_32.dll
0x00007ffcbb650000 - 0x00007ffcbb668000 	C:\WINDOWS\SYSTEM32\kernel.appcore.dll
0x00007ffcb8c30000 - 0x00007ffcb8c41000 	C:\Program Files\Android\Android Studio\jre\bin\verify.dll
0x00007ffcbc1d0000 - 0x00007ffcbc3f1000 	C:\WINDOWS\SYSTEM32\DBGHELP.DLL
0x00007ffcbbd60000 - 0x00007ffcbbd91000 	C:\WINDOWS\SYSTEM32\dbgcore.DLL
0x00007ffcbca90000 - 0x00007ffcbcb0f000 	C:\WINDOWS\System32\bcryptPrimitives.dll
0x00007ffcb8b50000 - 0x00007ffcb8b79000 	C:\Program Files\Android\Android Studio\jre\bin\java.dll
0x00007ffcb8fe0000 - 0x00007ffcb8feb000 	C:\Program Files\Android\Android Studio\jre\bin\jimage.dll
0x00007ffcb8b30000 - 0x00007ffcb8b48000 	C:\Program Files\Android\Android Studio\jre\bin\zip.dll
0x00007ffcbe2f0000 - 0x00007ffcbea9e000 	C:\WINDOWS\System32\SHELL32.dll
0x00007ffcb9c30000 - 0x00007ffcba497000 	C:\WINDOWS\SYSTEM32\windows.storage.dll
0x00007ffcbee90000 - 0x00007ffcbf208000 	C:\WINDOWS\System32\combase.dll
0x00007ffcb9ac0000 - 0x00007ffcb9c26000 	C:\WINDOWS\SYSTEM32\wintypes.dll
0x00007ffcbf270000 - 0x00007ffcbf35a000 	C:\WINDOWS\System32\SHCORE.dll
0x00007ffcbe1e0000 - 0x00007ffcbe23d000 	C:\WINDOWS\System32\shlwapi.dll
0x00007ffcbc7d0000 - 0x00007ffcbc7f1000 	C:\WINDOWS\SYSTEM32\profapi.dll
0x00007ffcb3550000 - 0x00007ffcb356a000 	C:\Program Files\Android\Android Studio\jre\bin\net.dll
0x00007ffcb6ec0000 - 0x00007ffcb6fcc000 	C:\WINDOWS\SYSTEM32\WINHTTP.dll
0x00007ffcbb710000 - 0x00007ffcbb777000 	C:\WINDOWS\system32\mswsock.dll
0x00007ffcb33d0000 - 0x00007ffcb33e4000 	C:\Program Files\Android\Android Studio\jre\bin\nio.dll

dbghelp: loaded successfully - version: 4.0.5 - missing functions: none
symbol engine: initialized successfully - sym options: 0x614 - pdb path: .;C:\Program Files\Android\Android Studio\jre\bin;C:\WINDOWS\SYSTEM32;C:\WINDOWS\WinSxS\amd64_microsoft.windows.common-controls_6595b64144ccf1df_6.0.22000.120_none_9d947278b86cc467;C:\Program Files\Android\Android Studio\jre\bin\server

VM Arguments:
java_command: org.jetbrains.kotlin.cli.jvm.K2JVMCompiler @C:\Users\parde\AndroidStudioProjects\Basis_Assignment\app\build\20220120_11557999674960959312.compiler.options
java_class_path (initial): C:\Users\parde\.gradle\caches\modules-2\files-2.1\org.jetbrains.kotlin\kotlin-compiler-embeddable\1.5.21\40ddbcae9ff100473f95370c2d589ba3fc48eed5\kotlin-compiler-embeddable-1.5.21.jar;C:\Users\parde\.gradle\caches\modules-2\files-2.1\org.jetbrains.kotlin\kotlin-reflect\1.5.21\802f1f39735ae1eb2b75714a40fa19bb2e687e96\kotlin-reflect-1.5.21.jar;C:\Users\parde\.gradle\caches\modules-2\files-2.1\org.jetbrains.kotlin\kotlin-stdlib\1.5.21\2f537cad7e9eeb9da73738c8812e1e4cf9b62e4e\kotlin-stdlib-1.5.21.jar;C:\Users\parde\.gradle\caches\modules-2\files-2.1\org.jetbrains.kotlin\kotlin-script-runtime\1.5.21\96d49e89873fde985750af354b6eabb60cfa999b\kotlin-script-runtime-1.5.21.jar;C:\Users\parde\.gradle\caches\modules-2\files-2.1\org.jetbrains.kotlin\kotlin-daemon-embeddable\1.5.21\17255809e66a940dfdf6289bccbdfb5a09f3145\kotlin-daemon-embeddable-1.5.21.jar;C:\Users\parde\.gradle\caches\modules-2\files-2.1\org.jetbrains.intellij.deps\trove4j\1.0.20181211\216c2e14b070f334479d800987affe4054cd563f\trove4j-1.0.20181211.jar;C:\Users\parde\.gradle\caches\modules-2\files-2.1\org.jetbrains\annotations\13.0\919f0dfe192fb4e063e7dacadee7f8bb9a2672a9\annotations-13.0.jar;C:\Users\parde\.gradle\caches\modules-2\files-2.1\org.jetbrains.kotlin\kotlin-stdlib-common\1.5.21\cc8bf3586fd2ebcf234058b9440bb406e62dfacb\kotlin-stdlib-common-1.5.21.jar
Launcher Type: SUN_STANDARD

[Global flags]
     intx CICompilerCount                          = 4                                         {product} {ergonomic}
     uint ConcGCThreads                            = 2                                         {product} {ergonomic}
     uint G1ConcRefinementThreads                  = 8                                         {product} {ergonomic}
   size_t G1HeapRegionSize                         = 1048576                                   {product} {ergonomic}
    uintx GCDrainStackTargetSize                   = 64                                        {product} {ergonomic}
   size_t InitialHeapSize                          = 132120576                                 {product} {ergonomic}
   size_t MarkStackSize                            = 4194304                                   {product} {ergonomic}
   size_t MaxHeapSize                              = 2107637760                                {product} {ergonomic}
   size_t MaxNewSize                               = 1264582656                                {product} {ergonomic}
   size_t MinHeapDeltaBytes                        = 1048576                                   {product} {ergonomic}
    uintx NonNMethodCodeHeapSize                   = 5836300                                {pd product} {ergonomic}
    uintx NonProfiledCodeHeapSize                  = 122910970                              {pd product} {ergonomic}
    uintx ProfiledCodeHeapSize                     = 122910970                              {pd product} {ergonomic}
    uintx ReservedCodeCacheSize                    = 251658240                              {pd product} {ergonomic}
     bool SegmentedCodeCache                       = true                                      {product} {ergonomic}
     bool UseCompressedClassPointers               = true                                 {lp64_product} {ergonomic}
     bool UseCompressedOops                        = true                                 {lp64_product} {ergonomic}
     bool UseG1GC                                  = true                                      {product} {ergonomic}
     bool UseLargePagesIndividualAllocation        = false                                  {pd product} {ergonomic}

Logging:
Log output configuration:
 #0: stdout all=warning uptime,level,tags
 #1: stderr all=off uptime,level,tags

Environment Variables:
PATH=C:\Program Files (x86)\Common Files\Oracle\Java\javapath;C:\Program Files (x86)\Intel\Intel(R) Management Engine Components\iCLS\;C:\Program Files\Intel\Intel(R) Management Engine Components\iCLS\;C:\Windows\system32;C:\Windows;C:\Windows\System32\Wbem;C:\Windows\System32\WindowsPowerShell\v1.0\;C:\Windows\System32\OpenSSH\;C:\Program Files (x86)\Intel\Intel(R) Management Engine Components\DAL;C:\Program Files\Intel\Intel(R) Management Engine Components\DAL;C:\Program Files (x86)\Intel\Intel(R) Management Engine Components\IPT;C:\Program Files\Intel\Intel(R) Management Engine Components\IPT;C:\Program Files (x86)\NVIDIA Corporation\PhysX\Common;C:\WINDOWS\system32;C:\WINDOWS;C:\WINDOWS\System32\Wbem;C:\WINDOWS\System32\WindowsPowerShell\v1.0\;C:\WINDOWS\System32\OpenSSH\;C:\Program Files\MATLAB\R2020a\bin;C:\Program Files\nodejs\;C:\Program Files\Git\cmd;C:\Users\parde\AppData\Local\Programs\Python\Python38\Scripts\;C:\Users\parde\AppData\Local\Programs\Python\Python38\;C:\Users\parde\AppData\Local\Microsoft\WindowsApps;C:\Program Files\JetBrains\PyCharm Community Edition 2019.3.3\bin;;C:\Users\parde\AppData\Local\Programs\Microsoft VS Code\bin;C:\Users\parde\AppData\Roaming\npm;C:\Users\parde\AppData\Local\GitHubDesktop\bin;
USERNAME=SDP
OS=Windows_NT
PROCESSOR_IDENTIFIER=Intel64 Family 6 Model 158 Stepping 10, GenuineIntel



---------------  S Y S T E M  ---------------

OS: Windows 10 , 64 bit Build 22000 (10.0.22000.434)
OS uptime: 0 days 8:11 hours

CPU:total 8 (initial active 8) (4 cores per cpu, 2 threads per core) family 6 model 158 stepping 10 microcode 0xde, cmov, cx8, fxsr, mmx, sse, sse2, sse3, ssse3, sse4.1, sse4.2, popcnt, avx, avx2, aes, clmul, erms, 3dnowpref, lzcnt, ht, tsc, tscinvbit, bmi1, bmi2, adx, fma

Memory: 4k page, system-wide physical 8032M (529M free)
TotalPageFile size 15726M (AvailPageFile size 41M)
current process WorkingSet (physical memory assigned to process): 286M, peak: 324M
current process commit charge ("private bytes"): 344M, peak: 382M

vm_info: OpenJDK 64-Bit Server VM (11.0.10+0-b96-7249189) for windows-amd64 JRE (11.0.10+0-b96-7249189), built on Mar 31 2021 21:44:00 by "builder" with MS VC++ 14.0 (VS2015)

END.
